<?xml version="1.0" encoding="UTF-8"?>
<!-- Generated by org.testng.reporters.JUnitXMLReporter -->
<testsuite ignored="0" hostname="DESKTOP-2VH7RQS" failures="6" tests="55" name="Test" time="1903.327" errors="0" timestamp="2023-09-20T18:50:13 IST">
  <testcase classname="com.worthPoint.testLayer.MyAccountTest" name="verifyEditProfileHeaders" time="5.635"/>
  <testcase classname="com.worthPoint.testLayer.MyAccountTest" name="verifyEditProfileRequiredfields" time="10.304"/>
  <testcase classname="com.worthPoint.testLayer.MyAccountTest" name="verifyEditProfileInvalidPhoneNumber" time="10.752"/>
  <testcase classname="com.worthPoint.testLayer.MyAccountTest" name="verifyEditProfileDataUpdatedSuccessfully" time="11.314"/>
  <testcase classname="com.worthPoint.testLayer.MyAccountTest" name="verifyEditProfileWhatDescribeYoutheBestDataUpdatedSuccessfully" time="8.047"/>
  <testcase classname="com.worthPoint.testLayer.MyAccountTest" name="verifyEditProfileBackButtonFunctionality" time="7.737"/>
  <testcase classname="com.worthPoint.testLayer.MyAccountTest" name="verifyLogoutFunctionality" time="5.844"/>
  <testcase classname="com.worthPoint.testLayer.MarksPopularMarksTest" name="verifyMarksPopularMarksDisplayFunctionality" time="3.409"/>
  <testcase classname="com.worthPoint.testLayer.MarksPopularMarksTest" name="verifyMarksPopularMarksFunctionalityListandGridView" time="4.856"/>
  <testcase classname="com.worthPoint.testLayer.MarksPopularMarksTest" name="verifyMarksPopulorMarksFunctionalityClickOnProductandSeeDetails" time="8.669"/>
  <testcase classname="com.worthPoint.testLayer.MarksPopularMarksTest" name="verifyMarksPopulorMarksFunctionalityListViewClickOnProductandSeeDetails" time="6.839"/>
  <testcase classname="com.worthPoint.testLayer.MarksPopularMarksTest" name="verifyMarksPopularMarksFunctionalityProductcLinkShare" time="11.138"/>
  <testcase classname="com.worthPoint.testLayer.MarksPopularMarksTest" name="verifyMarksPopularMarksFunctionalityFavoriteProduct" time="16.627"/>
  <testcase classname="com.worthPoint.testLayer.VaultTest" name="verifyVaultMyTagsHeaderFunctionality" time="5.736"/>
  <testcase classname="com.worthPoint.testLayer.VaultTest" name="verifyVaultAddNewTagFunctionality" time="17.833"/>
  <testcase classname="com.worthPoint.testLayer.VaultTest" name="verifyUpdateTagNameFunctionality" time="14.626"/>
  <testcase classname="com.worthPoint.testLayer.VaultTest" name="verifyDelateTagFunctionality" time="11.955"/>
  <testcase classname="com.worthPoint.testLayer.VaultTest" name="verifyVaultMyTagsModuleFunctionality" time="27.158"/>
  <testcase classname="com.worthPoint.testLayer.VaultTest" name="verifyVaultCollectionsHeaderFunctionality" time="4.474"/>
  <testcase classname="com.worthPoint.testLayer.VaultTest" name="verifyVaultCreateCollectionFunctionality" time="23.75"/>
  <testcase classname="com.worthPoint.testLayer.VaultTest" name="verifyVaultCollectionShareButtonFunctionality" time="16.81"/>
  <testcase classname="com.worthPoint.testLayer.VaultTest" name="verifyVaultUpdateCollectionNameFunctionality" time="25.847"/>
  <testcase classname="com.worthPoint.testLayer.VaultTest" name="verifyVaultDeleteCollectionFunctionality" time="16.539"/>
  <testcase classname="com.worthPoint.testLayer.VaultTest" name="verifyVaultCollectionsModuleFunctionality" time="64.487"/>
  <testcase classname="com.worthPoint.testLayer.VaultTest" name="verifyVaultCollectionFilterModuleFunctionality" time="111.535"/>
  <testcase classname="com.worthPoint.testLayer.VaultTest" name="verifyVaultMyVaultModuleFunctionality" time="189.16"/>
  <testcase classname="com.worthPoint.testLayer.VaultTest" name="verifyVaultAddVaultItemWithInsuranceCompanyAndStorageLocationModuleFunctionality" time="125.568">
    <failure type="java.lang.AssertionError" message="expected [true] but found [false]">
      <![CDATA[java.lang.AssertionError: expected [true] but found [false]
at com.worthPoint.testLayer.VaultTest.verifyVaultAddVaultItemWithInsuranceCompanyAndStorageLocationModuleFunctionality(VaultTest.java:1871)
at java.base/java.util.ArrayList.forEach(ArrayList.java:1511)
... Removed 31 stack frames]]>
    </failure>
  </testcase> <!-- verifyVaultAddVaultItemWithInsuranceCompanyAndStorageLocationModuleFunctionality -->
  <testcase classname="com.worthPoint.testLayer.VisualSearchTest" name="verifyVisualSearchFunctionalityByGalleryUsingPriceGuide" time="10.181">
    <failure type="org.openqa.selenium.NoSuchElementException" message="Can&amp;apos;t locate an element by this strategy: By.chained({By.xpath: //android.view.View[@content-desc=&amp;quot;Search WorthPoint&amp;quot;]})">
      <![CDATA[org.openqa.selenium.NoSuchElementException: Can't locate an element by this strategy: By.chained({By.xpath: //android.view.View[@content-desc="Search WorthPoint"]})
at io.appium.java_client.pagefactory.AppiumElementLocator.findElement(AppiumElementLocator.java:125)
at io.appium.java_client.pagefactory.interceptors.InterceptorOfASingleElement.intercept(InterceptorOfASingleElement.java:59)
at org.openqa.selenium.remote.RemoteWebElement$$EnhancerByCGLIB$$d27c0df4.click(<generated>)
at com.worthPoint.pagelayer.VisualSearchPage.clickOnSearchWorthPoint(VisualSearchPage.java:53)
at com.worthPoint.testLayer.VisualSearchTest.verifyVisualSearchFunctionalityByGalleryUsingPriceGuide(VisualSearchTest.java:33)
at java.base/java.util.ArrayList.forEach(ArrayList.java:1511)
Caused by: org.openqa.selenium.TimeoutException: Expected condition failed: waiting for io.appium.java_client.pagefactory.AppiumElementLocator$WaitingFunction@437a4e61 (tried for 1 second(s) with 500 milliseconds interval)
at org.openqa.selenium.support.ui.FluentWait.timeoutException(FluentWait.java:262)
at org.openqa.selenium.support.ui.FluentWait.until(FluentWait.java:230)
at io.appium.java_client.pagefactory.AppiumElementLocator.waitFor(AppiumElementLocator.java:98)
at io.appium.java_client.pagefactory.AppiumElementLocator.findElement(AppiumElementLocator.java:118)
... 32 more
Caused by: org.openqa.selenium.NoSuchElementException: Cannot locate an element using By.chained({By.xpath: //android.view.View[@content-desc="Search WorthPoint"]})
For documentation on this error, please visit: https://www.selenium.dev/documentation/webdriver/troubleshooting/errors#no-such-element-exception
Build info: version: '4.11.0', revision: '040bc5406b'
System info: os.name: 'Windows 10', os.arch: 'amd64', os.version: '10.0', java.version: '15.0.1'
Driver info: driver.version: RemoteWebDriver
at io.appium.java_client.pagefactory.bys.builder.ByChained.findElement(ByChained.java:77)
at org.openqa.selenium.remote.ElementLocation$ElementFinder$1.findElement(ElementLocation.java:139)
at org.openqa.selenium.remote.ElementLocation.findElement(ElementLocation.java:59)
at org.openqa.selenium.remote.RemoteWebDriver.findElement(RemoteWebDriver.java:355)
at org.openqa.selenium.remote.RemoteWebDriver.findElement(RemoteWebDriver.java:349)
at io.appium.java_client.pagefactory.bys.ContentMappedBy.findElement(ContentMappedBy.java:50)
at org.openqa.selenium.remote.ElementLocation$ElementFinder$1.findElement(ElementLocation.java:139)
at org.openqa.selenium.remote.ElementLocation.findElement(ElementLocation.java:59)
at org.openqa.selenium.remote.RemoteWebDriver.findElement(RemoteWebDriver.java:355)
at org.openqa.selenium.remote.RemoteWebDriver.findElement(RemoteWebDriver.java:349)
at io.appium.java_client.pagefactory.AppiumElementLocator.lambda$findElement$0(AppiumElementLocator.java:119)
at io.appium.java_client.pagefactory.AppiumElementLocator$WaitingFunction.apply(AppiumElementLocator.java:171)
at io.appium.java_client.pagefactory.AppiumElementLocator$WaitingFunction.apply(AppiumElementLocator.java:164)
at org.openqa.selenium.support.ui.FluentWait.until(FluentWait.java:205)
... 34 more
... Removed 27 stack frames]]>
    </failure>
  </testcase> <!-- verifyVisualSearchFunctionalityByGalleryUsingPriceGuide -->
  <testcase classname="com.worthPoint.testLayer.VisualSearchTest" name="verifyVisualSearchFunctionalityByGalleryUsingMarks" time="36.169">
    <failure type="org.openqa.selenium.TimeoutException" message="Expected condition failed: waiting for visibility of element located by By.xpath: //android.view.View[@content-desc=&amp;quot;No Data Available&amp;quot;] (tried for 30 second(s) with 500 milliseconds interval)
Build info: version: &amp;apos;4.11.0&amp;apos;, revision: &amp;apos;040bc5406b&amp;apos;
System info: os.name: &amp;apos;Windows 10&amp;apos;, os.arch: &amp;apos;amd64&amp;apos;, os.version: &amp;apos;10.0&amp;apos;, java.version: &amp;apos;15.0.1&amp;apos;
Driver info: io.appium.java_client.android.AndroidDriver
Capabilities {appium:appActivity: com.worthpoint.priceguide.M..., appium:appPackage: com.worthpoint.priceguide.dev, appium:autoGrantPermissions: true, appium:automationName: UIAutomator2, appium:databaseEnabled: false, appium:desired: {appActivity: com.worthpoint.priceguide.M..., appPackage: com.worthpoint.priceguide.dev, autoGrantPermissions: true, automationName: UIAutomator2, deviceName: &amp;quot;Pixel 2&amp;quot;, platformName: ANDROID, unicodeKeyboard: true}, appium:deviceApiLevel: 30, appium:deviceManufacturer: Google, appium:deviceModel: Pixel 2, appium:deviceName: HT79D1A01251, appium:deviceScreenDensity: 420, appium:deviceScreenSize: 1080x1920, appium:deviceUDID: HT79D1A01251, appium:javascriptEnabled: true, appium:locationContextEnabled: false, appium:networkConnectionEnabled: true, appium:pixelRatio: 2.625, appium:platformVersion: 11, appium:statBarHeight: 63, appium:takesScreenshot: true, appium:unicodeKeyboard: true, appium:viewportRect: {height: 1731, left: 0, top: 63, width: 1080}, appium:warnings: {}, appium:webStorageEnabled: false, platformName: ANDROID}
Session ID: 6946192c-35e5-419e-904a-efb3d43acd26">
      <![CDATA[org.openqa.selenium.TimeoutException: Expected condition failed: waiting for visibility of element located by By.xpath: //android.view.View[@content-desc="No Data Available"] (tried for 30 second(s) with 500 milliseconds interval)
Build info: version: '4.11.0', revision: '040bc5406b'
System info: os.name: 'Windows 10', os.arch: 'amd64', os.version: '10.0', java.version: '15.0.1'
Driver info: io.appium.java_client.android.AndroidDriver
Capabilities {appium:appActivity: com.worthpoint.priceguide.M..., appium:appPackage: com.worthpoint.priceguide.dev, appium:autoGrantPermissions: true, appium:automationName: UIAutomator2, appium:databaseEnabled: false, appium:desired: {appActivity: com.worthpoint.priceguide.M..., appPackage: com.worthpoint.priceguide.dev, autoGrantPermissions: true, automationName: UIAutomator2, deviceName: "Pixel 2", platformName: ANDROID, unicodeKeyboard: true}, appium:deviceApiLevel: 30, appium:deviceManufacturer: Google, appium:deviceModel: Pixel 2, appium:deviceName: HT79D1A01251, appium:deviceScreenDensity: 420, appium:deviceScreenSize: 1080x1920, appium:deviceUDID: HT79D1A01251, appium:javascriptEnabled: true, appium:locationContextEnabled: false, appium:networkConnectionEnabled: true, appium:pixelRatio: 2.625, appium:platformVersion: 11, appium:statBarHeight: 63, appium:takesScreenshot: true, appium:unicodeKeyboard: true, appium:viewportRect: {height: 1731, left: 0, top: 63, width: 1080}, appium:warnings: {}, appium:webStorageEnabled: false, platformName: ANDROID}
Session ID: 6946192c-35e5-419e-904a-efb3d43acd26
at org.openqa.selenium.support.ui.WebDriverWait.timeoutException(WebDriverWait.java:84)
at org.openqa.selenium.support.ui.FluentWait.until(FluentWait.java:230)
at utilities.Utilities.explicitWait(Utilities.java:151)
at com.worthPoint.testLayer.VisualSearchTest.verifyVisualSearchFunctionalityByGalleryUsingMarks(VisualSearchTest.java:72)
at java.base/java.util.ArrayList.forEach(ArrayList.java:1511)
... Removed 27 stack frames]]>
    </failure>
  </testcase> <!-- verifyVisualSearchFunctionalityByGalleryUsingMarks -->
  <testcase classname="com.worthPoint.testLayer.PriceGuideCategoriesTest" name="verifyPriceGuideCategoriesAdvertisingModuleFunctionality" time="7.94"/>
  <testcase classname="com.worthPoint.testLayer.PriceGuideCategoriesTest" name="verifyPriceGuideCategoriesAdvertisingListViewClickOnProductandSeeDetails" time="7.068"/>
  <testcase classname="com.worthPoint.testLayer.PriceGuideCategoriesTest" name="verifyPriceGuideCategoriesModulesFunctionalityClickOnProductandSeeDetails" time="11.36"/>
  <testcase classname="com.worthPoint.testLayer.PriceGuideCategoriesTest" name="verifyPriceGuideCategoriesModulesFunctionalityListViewClickOnProductandSeeDetails" time="9.387"/>
  <testcase classname="com.worthPoint.testLayer.PriceGuideCategoriesTest" name="verifyPriceGuideCategoriesModulesFunctionalitySaveSearch" time="16.651">
    <failure type="org.openqa.selenium.NoSuchElementException" message="Can&amp;apos;t locate an element by this strategy: By.chained({By.xpath: //android.view.View[@content-desc=&amp;quot;Price &amp;quot;]})">
      <![CDATA[org.openqa.selenium.NoSuchElementException: Can't locate an element by this strategy: By.chained({By.xpath: //android.view.View[@content-desc="Price "]})
at io.appium.java_client.pagefactory.AppiumElementLocator.findElement(AppiumElementLocator.java:125)
at io.appium.java_client.pagefactory.interceptors.InterceptorOfASingleElement.intercept(InterceptorOfASingleElement.java:59)
at org.openqa.selenium.remote.RemoteWebElement$$EnhancerByCGLIB$$d27c0df4.click(<generated>)
at com.worthPoint.pagelayer.PriceGuideCategoriesPage.clickOnPriceOption(PriceGuideCategoriesPage.java:211)
at com.worthPoint.testLayer.PriceGuideCategoriesTest.verifyPriceGuideCategoriesModulesFunctionalitySaveSearch(PriceGuideCategoriesTest.java:205)
at java.base/java.util.ArrayList.forEach(ArrayList.java:1511)
Caused by: org.openqa.selenium.TimeoutException: Expected condition failed: waiting for io.appium.java_client.pagefactory.AppiumElementLocator$WaitingFunction@145c6e4d (tried for 1 second(s) with 500 milliseconds interval)
at org.openqa.selenium.support.ui.FluentWait.timeoutException(FluentWait.java:262)
at org.openqa.selenium.support.ui.FluentWait.until(FluentWait.java:230)
at io.appium.java_client.pagefactory.AppiumElementLocator.waitFor(AppiumElementLocator.java:98)
at io.appium.java_client.pagefactory.AppiumElementLocator.findElement(AppiumElementLocator.java:118)
... 32 more
Caused by: org.openqa.selenium.NoSuchElementException: Cannot locate an element using By.chained({By.xpath: //android.view.View[@content-desc="Price "]})
For documentation on this error, please visit: https://www.selenium.dev/documentation/webdriver/troubleshooting/errors#no-such-element-exception
Build info: version: '4.11.0', revision: '040bc5406b'
System info: os.name: 'Windows 10', os.arch: 'amd64', os.version: '10.0', java.version: '15.0.1'
Driver info: driver.version: RemoteWebDriver
at io.appium.java_client.pagefactory.bys.builder.ByChained.findElement(ByChained.java:77)
at org.openqa.selenium.remote.ElementLocation$ElementFinder$1.findElement(ElementLocation.java:139)
at org.openqa.selenium.remote.ElementLocation.findElement(ElementLocation.java:59)
at org.openqa.selenium.remote.RemoteWebDriver.findElement(RemoteWebDriver.java:355)
at org.openqa.selenium.remote.RemoteWebDriver.findElement(RemoteWebDriver.java:349)
at io.appium.java_client.pagefactory.bys.ContentMappedBy.findElement(ContentMappedBy.java:50)
at org.openqa.selenium.remote.ElementLocation$ElementFinder$1.findElement(ElementLocation.java:139)
at org.openqa.selenium.remote.ElementLocation.findElement(ElementLocation.java:59)
at org.openqa.selenium.remote.RemoteWebDriver.findElement(RemoteWebDriver.java:355)
at org.openqa.selenium.remote.RemoteWebDriver.findElement(RemoteWebDriver.java:349)
at io.appium.java_client.pagefactory.AppiumElementLocator.lambda$findElement$0(AppiumElementLocator.java:119)
at io.appium.java_client.pagefactory.AppiumElementLocator$WaitingFunction.apply(AppiumElementLocator.java:171)
at io.appium.java_client.pagefactory.AppiumElementLocator$WaitingFunction.apply(AppiumElementLocator.java:164)
at org.openqa.selenium.support.ui.FluentWait.until(FluentWait.java:205)
... 34 more
... Removed 27 stack frames]]>
    </failure>
  </testcase> <!-- verifyPriceGuideCategoriesModulesFunctionalitySaveSearch -->
  <testcase classname="com.worthPoint.testLayer.PriceGuideCategoriesTest" name="verifyPriceGuideCategoryFilterHeaderFunctionality" time="8.868"/>
  <testcase classname="com.worthPoint.testLayer.PriceGuideCategoriesTest" name="verifyPriceGuideCategoryFilterCategoryAdvertisingOption" time="23.728"/>
  <testcase classname="com.worthPoint.testLayer.PriceGuideCategoriesTest" name="verifyPriceGuideCategoryFilterAlcoholandSmokingOption" time="15.984"/>
  <testcase classname="com.worthPoint.testLayer.PriceGuideCategoriesTest" name="verifyPriceGuideCategoryFilterSourceEBayOption" time="25.307"/>
  <testcase classname="com.worthPoint.testLayer.PriceGuideCategoriesTest" name="verifyPriceGuideCategoryFilterSourceOtherRRAuctionOption" time="21.588"/>
  <testcase classname="com.worthPoint.testLayer.MarksCategoriesTest" name="verifyMarksCategoriesAdvertisingModuleFunctionality" time="6.767"/>
  <testcase classname="com.worthPoint.testLayer.MarksCategoriesTest" name="verifyMarksCategoriesAdvertisingListViewClickOnProductandSeeDetails" time="7.952"/>
  <testcase classname="com.worthPoint.testLayer.MarksCategoriesTest" name="verifyMarksCategoriesModulesFunctionalityClickOnProductandSeeDetails" time="11.382"/>
  <testcase classname="com.worthPoint.testLayer.MarksCategoriesTest" name="verifyMarksCategoriesModulesFunctionalityListViewClickOnProductandSeeDetails" time="12.253"/>
  <testcase classname="com.worthPoint.testLayer.MarksCategoriesTest" name="verifyMarksCategoryFilterHeaderFunctionality" time="9.292"/>
  <testcase classname="com.worthPoint.testLayer.MarksCategoriesTest" name="verifyMarksCategoryFilterCategoryAdvertisingOption" time="17.086"/>
  <testcase classname="com.worthPoint.testLayer.MarksCategoriesTest" name="verifyMarksCategoryFilterCategoryAlcoholAndSmokingOption" time="17.728"/>
  <testcase classname="com.worthPoint.testLayer.MarksCategoriesTest" name="verifyMarksCategoriesModulesFunctionalitySaveSearch" time="17.573">
    <failure type="org.openqa.selenium.NoSuchElementException" message="Can&amp;apos;t locate an element by this strategy: By.chained({By.xpath: //android.view.View[@content-desc=&amp;quot;Price &amp;quot;]})">
      <![CDATA[org.openqa.selenium.NoSuchElementException: Can't locate an element by this strategy: By.chained({By.xpath: //android.view.View[@content-desc="Price "]})
at io.appium.java_client.pagefactory.AppiumElementLocator.findElement(AppiumElementLocator.java:125)
at io.appium.java_client.pagefactory.interceptors.InterceptorOfASingleElement.intercept(InterceptorOfASingleElement.java:59)
at org.openqa.selenium.remote.RemoteWebElement$$EnhancerByCGLIB$$d27c0df4.click(<generated>)
at com.worthPoint.pagelayer.MarksCategoriesPage.clickOnPriceOption(MarksCategoriesPage.java:167)
at com.worthPoint.testLayer.MarksCategoriesTest.verifyMarksCategoriesModulesFunctionalitySaveSearch(MarksCategoriesTest.java:339)
at java.base/java.util.ArrayList.forEach(ArrayList.java:1511)
Caused by: org.openqa.selenium.TimeoutException: Expected condition failed: waiting for io.appium.java_client.pagefactory.AppiumElementLocator$WaitingFunction@6bc72ab6 (tried for 1 second(s) with 500 milliseconds interval)
at org.openqa.selenium.support.ui.FluentWait.timeoutException(FluentWait.java:262)
at org.openqa.selenium.support.ui.FluentWait.until(FluentWait.java:230)
at io.appium.java_client.pagefactory.AppiumElementLocator.waitFor(AppiumElementLocator.java:98)
at io.appium.java_client.pagefactory.AppiumElementLocator.findElement(AppiumElementLocator.java:118)
... 32 more
Caused by: org.openqa.selenium.NoSuchElementException: Cannot locate an element using By.chained({By.xpath: //android.view.View[@content-desc="Price "]})
For documentation on this error, please visit: https://www.selenium.dev/documentation/webdriver/troubleshooting/errors#no-such-element-exception
Build info: version: '4.11.0', revision: '040bc5406b'
System info: os.name: 'Windows 10', os.arch: 'amd64', os.version: '10.0', java.version: '15.0.1'
Driver info: driver.version: RemoteWebDriver
at io.appium.java_client.pagefactory.bys.builder.ByChained.findElement(ByChained.java:77)
at org.openqa.selenium.remote.ElementLocation$ElementFinder$1.findElement(ElementLocation.java:139)
at org.openqa.selenium.remote.ElementLocation.findElement(ElementLocation.java:59)
at org.openqa.selenium.remote.RemoteWebDriver.findElement(RemoteWebDriver.java:355)
at org.openqa.selenium.remote.RemoteWebDriver.findElement(RemoteWebDriver.java:349)
at io.appium.java_client.pagefactory.bys.ContentMappedBy.findElement(ContentMappedBy.java:50)
at org.openqa.selenium.remote.ElementLocation$ElementFinder$1.findElement(ElementLocation.java:139)
at org.openqa.selenium.remote.ElementLocation.findElement(ElementLocation.java:59)
at org.openqa.selenium.remote.RemoteWebDriver.findElement(RemoteWebDriver.java:355)
at org.openqa.selenium.remote.RemoteWebDriver.findElement(RemoteWebDriver.java:349)
at io.appium.java_client.pagefactory.AppiumElementLocator.lambda$findElement$0(AppiumElementLocator.java:119)
at io.appium.java_client.pagefactory.AppiumElementLocator$WaitingFunction.apply(AppiumElementLocator.java:171)
at io.appium.java_client.pagefactory.AppiumElementLocator$WaitingFunction.apply(AppiumElementLocator.java:164)
at org.openqa.selenium.support.ui.FluentWait.until(FluentWait.java:205)
... 34 more
... Removed 27 stack frames]]>
    </failure>
  </testcase> <!-- verifyMarksCategoriesModulesFunctionalitySaveSearch -->
  <testcase classname="com.worthPoint.testLayer.SearchPreferenceTest" name="verifyPriceGuideFilterSearchPreferencesDisplayFunctionality" time="16.945"/>
  <testcase classname="com.worthPoint.testLayer.SearchPreferenceTest" name="verifyPriceGuideFilterSearchPreferencesOnlyShowItemsWithImagesFunctionality" time="39.751">
    <failure type="org.openqa.selenium.NoSuchElementException" message="An element could not be located on the page using the given search parameters.
For documentation on this error, please visit: https://www.selenium.dev/documentation/webdriver/troubleshooting/errors#no-such-element-exception
Build info: version: &amp;apos;4.11.0&amp;apos;, revision: &amp;apos;040bc5406b&amp;apos;
System info: os.name: &amp;apos;Windows 10&amp;apos;, os.arch: &amp;apos;amd64&amp;apos;, os.version: &amp;apos;10.0&amp;apos;, java.version: &amp;apos;15.0.1&amp;apos;
Driver info: io.appium.java_client.android.AndroidDriver
Command: [913b0687-18f0-45ba-a829-6e016f52de33, findElement {using=xpath, value=CheckboxOnlyShowItemWithImages}]
Capabilities {appium:appActivity: com.worthpoint.priceguide.M..., appium:appPackage: com.worthpoint.priceguide.dev, appium:autoGrantPermissions: true, appium:automationName: UIAutomator2, appium:databaseEnabled: false, appium:desired: {appActivity: com.worthpoint.priceguide.M..., appPackage: com.worthpoint.priceguide.dev, autoGrantPermissions: true, automationName: UIAutomator2, deviceName: &amp;quot;Pixel 2&amp;quot;, platformName: ANDROID, unicodeKeyboard: true}, appium:deviceApiLevel: 30, appium:deviceManufacturer: Google, appium:deviceModel: Pixel 2, appium:deviceName: HT79D1A01251, appium:deviceScreenDensity: 420, appium:deviceScreenSize: 1080x1920, appium:deviceUDID: HT79D1A01251, appium:javascriptEnabled: true, appium:locationContextEnabled: false, appium:networkConnectionEnabled: true, appium:pixelRatio: 2.625, appium:platformVersion: 11, appium:statBarHeight: 63, appium:takesScreenshot: true, appium:unicodeKeyboard: true, appium:viewportRect: {height: 1731, left: 0, top: 63, width: 1080}, appium:warnings: {}, appium:webStorageEnabled: false, platformName: ANDROID}
Session ID: 913b0687-18f0-45ba-a829-6e016f52de33">
      <![CDATA[org.openqa.selenium.NoSuchElementException: An element could not be located on the page using the given search parameters.
For documentation on this error, please visit: https://www.selenium.dev/documentation/webdriver/troubleshooting/errors#no-such-element-exception
Build info: version: '4.11.0', revision: '040bc5406b'
System info: os.name: 'Windows 10', os.arch: 'amd64', os.version: '10.0', java.version: '15.0.1'
Driver info: io.appium.java_client.android.AndroidDriver
Command: [913b0687-18f0-45ba-a829-6e016f52de33, findElement {using=xpath, value=CheckboxOnlyShowItemWithImages}]
Capabilities {appium:appActivity: com.worthpoint.priceguide.M..., appium:appPackage: com.worthpoint.priceguide.dev, appium:autoGrantPermissions: true, appium:automationName: UIAutomator2, appium:databaseEnabled: false, appium:desired: {appActivity: com.worthpoint.priceguide.M..., appPackage: com.worthpoint.priceguide.dev, autoGrantPermissions: true, automationName: UIAutomator2, deviceName: "Pixel 2", platformName: ANDROID, unicodeKeyboard: true}, appium:deviceApiLevel: 30, appium:deviceManufacturer: Google, appium:deviceModel: Pixel 2, appium:deviceName: HT79D1A01251, appium:deviceScreenDensity: 420, appium:deviceScreenSize: 1080x1920, appium:deviceUDID: HT79D1A01251, appium:javascriptEnabled: true, appium:locationContextEnabled: false, appium:networkConnectionEnabled: true, appium:pixelRatio: 2.625, appium:platformVersion: 11, appium:statBarHeight: 63, appium:takesScreenshot: true, appium:unicodeKeyboard: true, appium:viewportRect: {height: 1731, left: 0, top: 63, width: 1080}, appium:warnings: {}, appium:webStorageEnabled: false, platformName: ANDROID}
Session ID: 913b0687-18f0-45ba-a829-6e016f52de33
at org.openqa.selenium.remote.codec.w3c.W3CHttpResponseCodec.createException(W3CHttpResponseCodec.java:200)
at org.openqa.selenium.remote.codec.w3c.W3CHttpResponseCodec.decode(W3CHttpResponseCodec.java:133)
at org.openqa.selenium.remote.codec.w3c.W3CHttpResponseCodec.decode(W3CHttpResponseCodec.java:52)
at org.openqa.selenium.remote.HttpCommandExecutor.execute(HttpCommandExecutor.java:191)
at io.appium.java_client.remote.AppiumCommandExecutor.execute(AppiumCommandExecutor.java:250)
at org.openqa.selenium.remote.RemoteWebDriver.execute(RemoteWebDriver.java:518)
at org.openqa.selenium.remote.ElementLocation$ElementFinder$2.findElement(ElementLocation.java:165)
at org.openqa.selenium.remote.ElementLocation.findElement(ElementLocation.java:59)
at org.openqa.selenium.remote.RemoteWebDriver.findElement(RemoteWebDriver.java:355)
at org.openqa.selenium.remote.RemoteWebDriver.findElement(RemoteWebDriver.java:349)
at com.worthPoint.testLayer.SearchPreferenceTest.verifyPriceGuideFilterSearchPreferencesOnlyShowItemsWithImagesFunctionality(SearchPreferenceTest.java:166)
at java.base/java.util.ArrayList.forEach(ArrayList.java:1511)
... Removed 32 stack frames]]>
    </failure>
  </testcase> <!-- verifyPriceGuideFilterSearchPreferencesOnlyShowItemsWithImagesFunctionality -->
  <testcase classname="com.worthPoint.testLayer.PriceGuidePopularItemsTest" name="verifyPriceGuidePopularItemsDisplayFunctionality" time="4.979"/>
  <testcase classname="com.worthPoint.testLayer.PriceGuidePopularItemsTest" name="verifyPriceGuidePopulorModulesFunctionalityListandGridView" time="6.533"/>
  <testcase classname="com.worthPoint.testLayer.PriceGuidePopularItemsTest" name="verifyPriceGuidePopulorModulesFunctionalityClickOnProductandSeeDetails" time="18.992"/>
  <testcase classname="com.worthPoint.testLayer.PriceGuidePopularItemsTest" name="verifyPriceGuidePopulorModulesFunctionalityListViewClickOnProductandSeeDetails" time="9.597"/>
  <testcase classname="com.worthPoint.testLayer.PriceGuidePopularItemsTest" name="verifyPriceGuidePopulorModulesFunctionalityProductcLinkShare" time="14.311"/>
  <testcase classname="com.worthPoint.testLayer.PriceGuidePopularItemsTest" name="verifyPriceGuidePopulorModulesFunctionalityFavoriteProduct" time="13.748"/>
</testsuite> <!-- Test -->
