<?xml version="1.0" encoding="UTF-8"?>
<testng-results ignored="0" total="55" passed="49" failed="6" skipped="0">
  <reporter-output>
  </reporter-output>
  <suite started-at="2023-09-20T18:18:29 IST" name="Suite" finished-at="2023-09-20T18:50:13 IST" duration-ms="1903327">
    <groups>
    </groups>
    <test started-at="2023-09-20T18:18:29 IST" name="Test" finished-at="2023-09-20T18:50:13 IST" duration-ms="1903327">
      <class name="com.worthPoint.testLayer.MarksCategoriesTest">
        <test-method is-config="true" signature="setup()[pri:0, instance:com.worthPoint.testLayer.MarksCategoriesTest@783a467b]" started-at="2023-09-20T18:42:57 IST" name="setup" finished-at="2023-09-20T18:43:05 IST" duration-ms="8018" status="PASS">
          <reporter-output>
          </reporter-output>
        </test-method> <!-- setup -->
        <test-method is-config="true" signature="login()[pri:0, instance:com.worthPoint.testLayer.MarksCategoriesTest@783a467b]" started-at="2023-09-20T18:43:05 IST" name="login" finished-at="2023-09-20T18:43:16 IST" duration-ms="11222" status="PASS">
          <reporter-output>
          </reporter-output>
        </test-method> <!-- login -->
        <test-method signature="verifyMarksCategoriesAdvertisingModuleFunctionality()[pri:1, instance:com.worthPoint.testLayer.MarksCategoriesTest@783a467b]" started-at="2023-09-20T18:43:16 IST" name="verifyMarksCategoriesAdvertisingModuleFunctionality" finished-at="2023-09-20T18:43:23 IST" duration-ms="6767" status="PASS">
          <reporter-output>
          </reporter-output>
        </test-method> <!-- verifyMarksCategoriesAdvertisingModuleFunctionality -->
        <test-method is-config="true" signature="login()[pri:0, instance:com.worthPoint.testLayer.MarksCategoriesTest@783a467b]" started-at="2023-09-20T18:43:23 IST" name="login" finished-at="2023-09-20T18:43:34 IST" duration-ms="11328" status="PASS">
          <reporter-output>
          </reporter-output>
        </test-method> <!-- login -->
        <test-method signature="verifyMarksCategoriesAdvertisingListViewClickOnProductandSeeDetails()[pri:2, instance:com.worthPoint.testLayer.MarksCategoriesTest@783a467b]" started-at="2023-09-20T18:43:34 IST" name="verifyMarksCategoriesAdvertisingListViewClickOnProductandSeeDetails" finished-at="2023-09-20T18:43:42 IST" duration-ms="7952" status="PASS">
          <reporter-output>
          </reporter-output>
        </test-method> <!-- verifyMarksCategoriesAdvertisingListViewClickOnProductandSeeDetails -->
        <test-method is-config="true" signature="login()[pri:0, instance:com.worthPoint.testLayer.MarksCategoriesTest@783a467b]" started-at="2023-09-20T18:43:42 IST" name="login" finished-at="2023-09-20T18:43:54 IST" duration-ms="11465" status="PASS">
          <reporter-output>
          </reporter-output>
        </test-method> <!-- login -->
        <test-method signature="verifyMarksCategoriesModulesFunctionalityClickOnProductandSeeDetails()[pri:3, instance:com.worthPoint.testLayer.MarksCategoriesTest@783a467b]" started-at="2023-09-20T18:43:54 IST" name="verifyMarksCategoriesModulesFunctionalityClickOnProductandSeeDetails" finished-at="2023-09-20T18:44:05 IST" duration-ms="11382" status="PASS">
          <reporter-output>
          </reporter-output>
        </test-method> <!-- verifyMarksCategoriesModulesFunctionalityClickOnProductandSeeDetails -->
        <test-method is-config="true" signature="login()[pri:0, instance:com.worthPoint.testLayer.MarksCategoriesTest@783a467b]" started-at="2023-09-20T18:44:05 IST" name="login" finished-at="2023-09-20T18:44:16 IST" duration-ms="11325" status="PASS">
          <reporter-output>
          </reporter-output>
        </test-method> <!-- login -->
        <test-method signature="verifyMarksCategoriesModulesFunctionalityListViewClickOnProductandSeeDetails()[pri:4, instance:com.worthPoint.testLayer.MarksCategoriesTest@783a467b]" started-at="2023-09-20T18:44:16 IST" name="verifyMarksCategoriesModulesFunctionalityListViewClickOnProductandSeeDetails" finished-at="2023-09-20T18:44:29 IST" duration-ms="12253" status="PASS">
          <reporter-output>
          </reporter-output>
        </test-method> <!-- verifyMarksCategoriesModulesFunctionalityListViewClickOnProductandSeeDetails -->
        <test-method is-config="true" signature="login()[pri:0, instance:com.worthPoint.testLayer.MarksCategoriesTest@783a467b]" started-at="2023-09-20T18:44:29 IST" name="login" finished-at="2023-09-20T18:44:40 IST" duration-ms="11476" status="PASS">
          <reporter-output>
          </reporter-output>
        </test-method> <!-- login -->
        <test-method signature="verifyMarksCategoryFilterHeaderFunctionality()[pri:5, instance:com.worthPoint.testLayer.MarksCategoriesTest@783a467b]" started-at="2023-09-20T18:44:40 IST" name="verifyMarksCategoryFilterHeaderFunctionality" finished-at="2023-09-20T18:44:49 IST" duration-ms="9292" status="PASS">
          <reporter-output>
          </reporter-output>
        </test-method> <!-- verifyMarksCategoryFilterHeaderFunctionality -->
        <test-method is-config="true" signature="login()[pri:0, instance:com.worthPoint.testLayer.MarksCategoriesTest@783a467b]" started-at="2023-09-20T18:44:49 IST" name="login" finished-at="2023-09-20T18:45:00 IST" duration-ms="10898" status="PASS">
          <reporter-output>
          </reporter-output>
        </test-method> <!-- login -->
        <test-method signature="verifyMarksCategoryFilterCategoryAdvertisingOption()[pri:6, instance:com.worthPoint.testLayer.MarksCategoriesTest@783a467b]" started-at="2023-09-20T18:45:00 IST" name="verifyMarksCategoryFilterCategoryAdvertisingOption" finished-at="2023-09-20T18:45:17 IST" duration-ms="17086" status="PASS">
          <reporter-output>
          </reporter-output>
        </test-method> <!-- verifyMarksCategoryFilterCategoryAdvertisingOption -->
        <test-method is-config="true" signature="login()[pri:0, instance:com.worthPoint.testLayer.MarksCategoriesTest@783a467b]" started-at="2023-09-20T18:45:17 IST" name="login" finished-at="2023-09-20T18:45:29 IST" duration-ms="11444" status="PASS">
          <reporter-output>
          </reporter-output>
        </test-method> <!-- login -->
        <test-method signature="verifyMarksCategoryFilterCategoryAlcoholAndSmokingOption()[pri:7, instance:com.worthPoint.testLayer.MarksCategoriesTest@783a467b]" started-at="2023-09-20T18:45:29 IST" name="verifyMarksCategoryFilterCategoryAlcoholAndSmokingOption" finished-at="2023-09-20T18:45:46 IST" duration-ms="17728" status="PASS">
          <reporter-output>
          </reporter-output>
        </test-method> <!-- verifyMarksCategoryFilterCategoryAlcoholAndSmokingOption -->
        <test-method is-config="true" signature="login()[pri:0, instance:com.worthPoint.testLayer.MarksCategoriesTest@783a467b]" started-at="2023-09-20T18:45:46 IST" name="login" finished-at="2023-09-20T18:45:58 IST" duration-ms="11367" status="PASS">
          <reporter-output>
          </reporter-output>
        </test-method> <!-- login -->
        <test-method signature="verifyMarksCategoriesModulesFunctionalitySaveSearch()[pri:8, instance:com.worthPoint.testLayer.MarksCategoriesTest@783a467b]" started-at="2023-09-20T18:45:58 IST" name="verifyMarksCategoriesModulesFunctionalitySaveSearch" finished-at="2023-09-20T18:46:15 IST" duration-ms="17573" status="FAIL">
          <exception class="org.openqa.selenium.NoSuchElementException">
            <message>
              <![CDATA[Can't locate an element by this strategy: By.chained({By.xpath: //android.view.View[@content-desc="Price "]})]]>
            </message>
            <full-stacktrace>
              <![CDATA[org.openqa.selenium.NoSuchElementException: Can't locate an element by this strategy: By.chained({By.xpath: //android.view.View[@content-desc="Price "]})
at io.appium.java_client.pagefactory.AppiumElementLocator.findElement(AppiumElementLocator.java:125)
at io.appium.java_client.pagefactory.interceptors.InterceptorOfASingleElement.intercept(InterceptorOfASingleElement.java:59)
at org.openqa.selenium.remote.RemoteWebElement$$EnhancerByCGLIB$$d27c0df4.click(<generated>)
at com.worthPoint.pagelayer.MarksCategoriesPage.clickOnPriceOption(MarksCategoriesPage.java:167)
at com.worthPoint.testLayer.MarksCategoriesTest.verifyMarksCategoriesModulesFunctionalitySaveSearch(MarksCategoriesTest.java:339)
at java.base/jdk.internal.reflect.NativeMethodAccessorImpl.invoke0(Native Method)
at java.base/jdk.internal.reflect.NativeMethodAccessorImpl.invoke(NativeMethodAccessorImpl.java:64)
at java.base/jdk.internal.reflect.DelegatingMethodAccessorImpl.invoke(DelegatingMethodAccessorImpl.java:43)
at java.base/java.lang.reflect.Method.invoke(Method.java:564)
at org.testng.internal.MethodInvocationHelper.invokeMethod(MethodInvocationHelper.java:133)
at org.testng.internal.TestInvoker.invokeMethod(TestInvoker.java:598)
at org.testng.internal.TestInvoker.invokeTestMethod(TestInvoker.java:173)
at org.testng.internal.MethodRunner.runInSequence(MethodRunner.java:46)
at org.testng.internal.TestInvoker$MethodInvocationAgent.invoke(TestInvoker.java:824)
at org.testng.internal.TestInvoker.invokeTestMethods(TestInvoker.java:146)
at org.testng.internal.TestMethodWorker.invokeTestMethods(TestMethodWorker.java:146)
at org.testng.internal.TestMethodWorker.run(TestMethodWorker.java:128)
at java.base/java.util.ArrayList.forEach(ArrayList.java:1511)
at org.testng.TestRunner.privateRun(TestRunner.java:794)
at org.testng.TestRunner.run(TestRunner.java:596)
at org.testng.SuiteRunner.runTest(SuiteRunner.java:377)
at org.testng.SuiteRunner.runSequentially(SuiteRunner.java:371)
at org.testng.SuiteRunner.privateRun(SuiteRunner.java:332)
at org.testng.SuiteRunner.run(SuiteRunner.java:276)
at org.testng.SuiteRunnerWorker.runSuite(SuiteRunnerWorker.java:53)
at org.testng.SuiteRunnerWorker.run(SuiteRunnerWorker.java:96)
at org.testng.TestNG.runSuitesSequentially(TestNG.java:1212)
at org.testng.TestNG.runSuitesLocally(TestNG.java:1134)
at org.testng.TestNG.runSuites(TestNG.java:1063)
at org.testng.TestNG.run(TestNG.java:1031)
at org.testng.remote.AbstractRemoteTestNG.run(AbstractRemoteTestNG.java:115)
at org.testng.remote.RemoteTestNG.initAndRun(RemoteTestNG.java:251)
at org.testng.remote.RemoteTestNG.main(RemoteTestNG.java:77)
Caused by: org.openqa.selenium.TimeoutException: Expected condition failed: waiting for io.appium.java_client.pagefactory.AppiumElementLocator$WaitingFunction@6bc72ab6 (tried for 1 second(s) with 500 milliseconds interval)
at org.openqa.selenium.support.ui.FluentWait.timeoutException(FluentWait.java:262)
at org.openqa.selenium.support.ui.FluentWait.until(FluentWait.java:230)
at io.appium.java_client.pagefactory.AppiumElementLocator.waitFor(AppiumElementLocator.java:98)
at io.appium.java_client.pagefactory.AppiumElementLocator.findElement(AppiumElementLocator.java:118)
... 32 more
Caused by: org.openqa.selenium.NoSuchElementException: Cannot locate an element using By.chained({By.xpath: //android.view.View[@content-desc="Price "]})
For documentation on this error, please visit: https://www.selenium.dev/documentation/webdriver/troubleshooting/errors#no-such-element-exception
Build info: version: '4.11.0', revision: '040bc5406b'
System info: os.name: 'Windows 10', os.arch: 'amd64', os.version: '10.0', java.version: '15.0.1'
Driver info: driver.version: RemoteWebDriver
at io.appium.java_client.pagefactory.bys.builder.ByChained.findElement(ByChained.java:77)
at org.openqa.selenium.remote.ElementLocation$ElementFinder$1.findElement(ElementLocation.java:139)
at org.openqa.selenium.remote.ElementLocation.findElement(ElementLocation.java:59)
at org.openqa.selenium.remote.RemoteWebDriver.findElement(RemoteWebDriver.java:355)
at org.openqa.selenium.remote.RemoteWebDriver.findElement(RemoteWebDriver.java:349)
at io.appium.java_client.pagefactory.bys.ContentMappedBy.findElement(ContentMappedBy.java:50)
at org.openqa.selenium.remote.ElementLocation$ElementFinder$1.findElement(ElementLocation.java:139)
at org.openqa.selenium.remote.ElementLocation.findElement(ElementLocation.java:59)
at org.openqa.selenium.remote.RemoteWebDriver.findElement(RemoteWebDriver.java:355)
at org.openqa.selenium.remote.RemoteWebDriver.findElement(RemoteWebDriver.java:349)
at io.appium.java_client.pagefactory.AppiumElementLocator.lambda$findElement$0(AppiumElementLocator.java:119)
at io.appium.java_client.pagefactory.AppiumElementLocator$WaitingFunction.apply(AppiumElementLocator.java:171)
at io.appium.java_client.pagefactory.AppiumElementLocator$WaitingFunction.apply(AppiumElementLocator.java:164)
at org.openqa.selenium.support.ui.FluentWait.until(FluentWait.java:205)
... 34 more
]]>
            </full-stacktrace>
          </exception> <!-- org.openqa.selenium.NoSuchElementException -->
          <reporter-output>
          </reporter-output>
        </test-method> <!-- verifyMarksCategoriesModulesFunctionalitySaveSearch -->
        <test-method is-config="true" signature="teardown()[pri:0, instance:com.worthPoint.testLayer.MarksCategoriesTest@783a467b]" started-at="2023-09-20T18:46:15 IST" name="teardown" finished-at="2023-09-20T18:46:16 IST" duration-ms="672" status="PASS">
          <reporter-output>
          </reporter-output>
        </test-method> <!-- teardown -->
      </class> <!-- com.worthPoint.testLayer.MarksCategoriesTest -->
      <class name="com.worthPoint.testLayer.PriceGuideCategoriesTest">
        <test-method is-config="true" signature="setup()[pri:0, instance:com.worthPoint.testLayer.PriceGuideCategoriesTest@7db12bb6]" started-at="2023-09-20T18:38:26 IST" name="setup" finished-at="2023-09-20T18:38:34 IST" duration-ms="7831" status="PASS">
          <reporter-output>
          </reporter-output>
        </test-method> <!-- setup -->
        <test-method is-config="true" signature="login()[pri:0, instance:com.worthPoint.testLayer.PriceGuideCategoriesTest@7db12bb6]" started-at="2023-09-20T18:38:34 IST" name="login" finished-at="2023-09-20T18:38:45 IST" duration-ms="11139" status="PASS">
          <reporter-output>
          </reporter-output>
        </test-method> <!-- login -->
        <test-method signature="verifyPriceGuideCategoriesAdvertisingModuleFunctionality()[pri:1, instance:com.worthPoint.testLayer.PriceGuideCategoriesTest@7db12bb6]" started-at="2023-09-20T18:38:45 IST" name="verifyPriceGuideCategoriesAdvertisingModuleFunctionality" finished-at="2023-09-20T18:38:53 IST" duration-ms="7940" status="PASS">
          <reporter-output>
          </reporter-output>
        </test-method> <!-- verifyPriceGuideCategoriesAdvertisingModuleFunctionality -->
        <test-method is-config="true" signature="login()[pri:0, instance:com.worthPoint.testLayer.PriceGuideCategoriesTest@7db12bb6]" started-at="2023-09-20T18:38:53 IST" name="login" finished-at="2023-09-20T18:39:05 IST" duration-ms="11817" status="PASS">
          <reporter-output>
          </reporter-output>
        </test-method> <!-- login -->
        <test-method signature="verifyPriceGuideCategoriesAdvertisingListViewClickOnProductandSeeDetails()[pri:2, instance:com.worthPoint.testLayer.PriceGuideCategoriesTest@7db12bb6]" started-at="2023-09-20T18:39:05 IST" name="verifyPriceGuideCategoriesAdvertisingListViewClickOnProductandSeeDetails" finished-at="2023-09-20T18:39:12 IST" duration-ms="7068" status="PASS">
          <reporter-output>
          </reporter-output>
        </test-method> <!-- verifyPriceGuideCategoriesAdvertisingListViewClickOnProductandSeeDetails -->
        <test-method is-config="true" signature="login()[pri:0, instance:com.worthPoint.testLayer.PriceGuideCategoriesTest@7db12bb6]" started-at="2023-09-20T18:39:12 IST" name="login" finished-at="2023-09-20T18:39:23 IST" duration-ms="11517" status="PASS">
          <reporter-output>
          </reporter-output>
        </test-method> <!-- login -->
        <test-method signature="verifyPriceGuideCategoriesModulesFunctionalityClickOnProductandSeeDetails()[pri:3, instance:com.worthPoint.testLayer.PriceGuideCategoriesTest@7db12bb6]" started-at="2023-09-20T18:39:23 IST" name="verifyPriceGuideCategoriesModulesFunctionalityClickOnProductandSeeDetails" finished-at="2023-09-20T18:39:35 IST" duration-ms="11360" status="PASS">
          <reporter-output>
          </reporter-output>
        </test-method> <!-- verifyPriceGuideCategoriesModulesFunctionalityClickOnProductandSeeDetails -->
        <test-method is-config="true" signature="login()[pri:0, instance:com.worthPoint.testLayer.PriceGuideCategoriesTest@7db12bb6]" started-at="2023-09-20T18:39:35 IST" name="login" finished-at="2023-09-20T18:39:47 IST" duration-ms="11783" status="PASS">
          <reporter-output>
          </reporter-output>
        </test-method> <!-- login -->
        <test-method signature="verifyPriceGuideCategoriesModulesFunctionalityListViewClickOnProductandSeeDetails()[pri:4, instance:com.worthPoint.testLayer.PriceGuideCategoriesTest@7db12bb6]" started-at="2023-09-20T18:39:47 IST" name="verifyPriceGuideCategoriesModulesFunctionalityListViewClickOnProductandSeeDetails" finished-at="2023-09-20T18:39:56 IST" duration-ms="9387" status="PASS">
          <reporter-output>
          </reporter-output>
        </test-method> <!-- verifyPriceGuideCategoriesModulesFunctionalityListViewClickOnProductandSeeDetails -->
        <test-method is-config="true" signature="login()[pri:0, instance:com.worthPoint.testLayer.PriceGuideCategoriesTest@7db12bb6]" started-at="2023-09-20T18:39:56 IST" name="login" finished-at="2023-09-20T18:40:07 IST" duration-ms="11490" status="PASS">
          <reporter-output>
          </reporter-output>
        </test-method> <!-- login -->
        <test-method signature="verifyPriceGuideCategoriesModulesFunctionalitySaveSearch()[pri:5, instance:com.worthPoint.testLayer.PriceGuideCategoriesTest@7db12bb6]" started-at="2023-09-20T18:40:07 IST" name="verifyPriceGuideCategoriesModulesFunctionalitySaveSearch" finished-at="2023-09-20T18:40:24 IST" duration-ms="16651" status="FAIL">
          <exception class="org.openqa.selenium.NoSuchElementException">
            <message>
              <![CDATA[Can't locate an element by this strategy: By.chained({By.xpath: //android.view.View[@content-desc="Price "]})]]>
            </message>
            <full-stacktrace>
              <![CDATA[org.openqa.selenium.NoSuchElementException: Can't locate an element by this strategy: By.chained({By.xpath: //android.view.View[@content-desc="Price "]})
at io.appium.java_client.pagefactory.AppiumElementLocator.findElement(AppiumElementLocator.java:125)
at io.appium.java_client.pagefactory.interceptors.InterceptorOfASingleElement.intercept(InterceptorOfASingleElement.java:59)
at org.openqa.selenium.remote.RemoteWebElement$$EnhancerByCGLIB$$d27c0df4.click(<generated>)
at com.worthPoint.pagelayer.PriceGuideCategoriesPage.clickOnPriceOption(PriceGuideCategoriesPage.java:211)
at com.worthPoint.testLayer.PriceGuideCategoriesTest.verifyPriceGuideCategoriesModulesFunctionalitySaveSearch(PriceGuideCategoriesTest.java:205)
at java.base/jdk.internal.reflect.NativeMethodAccessorImpl.invoke0(Native Method)
at java.base/jdk.internal.reflect.NativeMethodAccessorImpl.invoke(NativeMethodAccessorImpl.java:64)
at java.base/jdk.internal.reflect.DelegatingMethodAccessorImpl.invoke(DelegatingMethodAccessorImpl.java:43)
at java.base/java.lang.reflect.Method.invoke(Method.java:564)
at org.testng.internal.MethodInvocationHelper.invokeMethod(MethodInvocationHelper.java:133)
at org.testng.internal.TestInvoker.invokeMethod(TestInvoker.java:598)
at org.testng.internal.TestInvoker.invokeTestMethod(TestInvoker.java:173)
at org.testng.internal.MethodRunner.runInSequence(MethodRunner.java:46)
at org.testng.internal.TestInvoker$MethodInvocationAgent.invoke(TestInvoker.java:824)
at org.testng.internal.TestInvoker.invokeTestMethods(TestInvoker.java:146)
at org.testng.internal.TestMethodWorker.invokeTestMethods(TestMethodWorker.java:146)
at org.testng.internal.TestMethodWorker.run(TestMethodWorker.java:128)
at java.base/java.util.ArrayList.forEach(ArrayList.java:1511)
at org.testng.TestRunner.privateRun(TestRunner.java:794)
at org.testng.TestRunner.run(TestRunner.java:596)
at org.testng.SuiteRunner.runTest(SuiteRunner.java:377)
at org.testng.SuiteRunner.runSequentially(SuiteRunner.java:371)
at org.testng.SuiteRunner.privateRun(SuiteRunner.java:332)
at org.testng.SuiteRunner.run(SuiteRunner.java:276)
at org.testng.SuiteRunnerWorker.runSuite(SuiteRunnerWorker.java:53)
at org.testng.SuiteRunnerWorker.run(SuiteRunnerWorker.java:96)
at org.testng.TestNG.runSuitesSequentially(TestNG.java:1212)
at org.testng.TestNG.runSuitesLocally(TestNG.java:1134)
at org.testng.TestNG.runSuites(TestNG.java:1063)
at org.testng.TestNG.run(TestNG.java:1031)
at org.testng.remote.AbstractRemoteTestNG.run(AbstractRemoteTestNG.java:115)
at org.testng.remote.RemoteTestNG.initAndRun(RemoteTestNG.java:251)
at org.testng.remote.RemoteTestNG.main(RemoteTestNG.java:77)
Caused by: org.openqa.selenium.TimeoutException: Expected condition failed: waiting for io.appium.java_client.pagefactory.AppiumElementLocator$WaitingFunction@145c6e4d (tried for 1 second(s) with 500 milliseconds interval)
at org.openqa.selenium.support.ui.FluentWait.timeoutException(FluentWait.java:262)
at org.openqa.selenium.support.ui.FluentWait.until(FluentWait.java:230)
at io.appium.java_client.pagefactory.AppiumElementLocator.waitFor(AppiumElementLocator.java:98)
at io.appium.java_client.pagefactory.AppiumElementLocator.findElement(AppiumElementLocator.java:118)
... 32 more
Caused by: org.openqa.selenium.NoSuchElementException: Cannot locate an element using By.chained({By.xpath: //android.view.View[@content-desc="Price "]})
For documentation on this error, please visit: https://www.selenium.dev/documentation/webdriver/troubleshooting/errors#no-such-element-exception
Build info: version: '4.11.0', revision: '040bc5406b'
System info: os.name: 'Windows 10', os.arch: 'amd64', os.version: '10.0', java.version: '15.0.1'
Driver info: driver.version: RemoteWebDriver
at io.appium.java_client.pagefactory.bys.builder.ByChained.findElement(ByChained.java:77)
at org.openqa.selenium.remote.ElementLocation$ElementFinder$1.findElement(ElementLocation.java:139)
at org.openqa.selenium.remote.ElementLocation.findElement(ElementLocation.java:59)
at org.openqa.selenium.remote.RemoteWebDriver.findElement(RemoteWebDriver.java:355)
at org.openqa.selenium.remote.RemoteWebDriver.findElement(RemoteWebDriver.java:349)
at io.appium.java_client.pagefactory.bys.ContentMappedBy.findElement(ContentMappedBy.java:50)
at org.openqa.selenium.remote.ElementLocation$ElementFinder$1.findElement(ElementLocation.java:139)
at org.openqa.selenium.remote.ElementLocation.findElement(ElementLocation.java:59)
at org.openqa.selenium.remote.RemoteWebDriver.findElement(RemoteWebDriver.java:355)
at org.openqa.selenium.remote.RemoteWebDriver.findElement(RemoteWebDriver.java:349)
at io.appium.java_client.pagefactory.AppiumElementLocator.lambda$findElement$0(AppiumElementLocator.java:119)
at io.appium.java_client.pagefactory.AppiumElementLocator$WaitingFunction.apply(AppiumElementLocator.java:171)
at io.appium.java_client.pagefactory.AppiumElementLocator$WaitingFunction.apply(AppiumElementLocator.java:164)
at org.openqa.selenium.support.ui.FluentWait.until(FluentWait.java:205)
... 34 more
]]>
            </full-stacktrace>
          </exception> <!-- org.openqa.selenium.NoSuchElementException -->
          <reporter-output>
          </reporter-output>
        </test-method> <!-- verifyPriceGuideCategoriesModulesFunctionalitySaveSearch -->
        <test-method is-config="true" signature="login()[pri:0, instance:com.worthPoint.testLayer.PriceGuideCategoriesTest@7db12bb6]" started-at="2023-09-20T18:40:24 IST" name="login" finished-at="2023-09-20T18:40:36 IST" duration-ms="11930" status="PASS">
          <reporter-output>
          </reporter-output>
        </test-method> <!-- login -->
        <test-method signature="verifyPriceGuideCategoryFilterHeaderFunctionality()[pri:6, instance:com.worthPoint.testLayer.PriceGuideCategoriesTest@7db12bb6]" started-at="2023-09-20T18:40:36 IST" name="verifyPriceGuideCategoryFilterHeaderFunctionality" finished-at="2023-09-20T18:40:45 IST" duration-ms="8868" status="PASS">
          <reporter-output>
          </reporter-output>
        </test-method> <!-- verifyPriceGuideCategoryFilterHeaderFunctionality -->
        <test-method is-config="true" signature="login()[pri:0, instance:com.worthPoint.testLayer.PriceGuideCategoriesTest@7db12bb6]" started-at="2023-09-20T18:40:45 IST" name="login" finished-at="2023-09-20T18:40:56 IST" duration-ms="10938" status="PASS">
          <reporter-output>
          </reporter-output>
        </test-method> <!-- login -->
        <test-method signature="verifyPriceGuideCategoryFilterCategoryAdvertisingOption()[pri:7, instance:com.worthPoint.testLayer.PriceGuideCategoriesTest@7db12bb6]" started-at="2023-09-20T18:40:56 IST" name="verifyPriceGuideCategoryFilterCategoryAdvertisingOption" finished-at="2023-09-20T18:41:20 IST" duration-ms="23728" status="PASS">
          <reporter-output>
          </reporter-output>
        </test-method> <!-- verifyPriceGuideCategoryFilterCategoryAdvertisingOption -->
        <test-method is-config="true" signature="login()[pri:0, instance:com.worthPoint.testLayer.PriceGuideCategoriesTest@7db12bb6]" started-at="2023-09-20T18:41:20 IST" name="login" finished-at="2023-09-20T18:41:30 IST" duration-ms="10885" status="PASS">
          <reporter-output>
          </reporter-output>
        </test-method> <!-- login -->
        <test-method signature="verifyPriceGuideCategoryFilterAlcoholandSmokingOption()[pri:8, instance:com.worthPoint.testLayer.PriceGuideCategoriesTest@7db12bb6]" started-at="2023-09-20T18:41:30 IST" name="verifyPriceGuideCategoryFilterAlcoholandSmokingOption" finished-at="2023-09-20T18:41:46 IST" duration-ms="15984" status="PASS">
          <reporter-output>
          </reporter-output>
        </test-method> <!-- verifyPriceGuideCategoryFilterAlcoholandSmokingOption -->
        <test-method is-config="true" signature="login()[pri:0, instance:com.worthPoint.testLayer.PriceGuideCategoriesTest@7db12bb6]" started-at="2023-09-20T18:41:46 IST" name="login" finished-at="2023-09-20T18:41:58 IST" duration-ms="11483" status="PASS">
          <reporter-output>
          </reporter-output>
        </test-method> <!-- login -->
        <test-method signature="verifyPriceGuideCategoryFilterSourceEBayOption()[pri:9, instance:com.worthPoint.testLayer.PriceGuideCategoriesTest@7db12bb6]" started-at="2023-09-20T18:41:58 IST" name="verifyPriceGuideCategoryFilterSourceEBayOption" finished-at="2023-09-20T18:42:23 IST" duration-ms="25307" status="PASS">
          <reporter-output>
          </reporter-output>
        </test-method> <!-- verifyPriceGuideCategoryFilterSourceEBayOption -->
        <test-method is-config="true" signature="login()[pri:0, instance:com.worthPoint.testLayer.PriceGuideCategoriesTest@7db12bb6]" started-at="2023-09-20T18:42:23 IST" name="login" finished-at="2023-09-20T18:42:35 IST" duration-ms="11424" status="PASS">
          <reporter-output>
          </reporter-output>
        </test-method> <!-- login -->
        <test-method signature="verifyPriceGuideCategoryFilterSourceOtherRRAuctionOption()[pri:10, instance:com.worthPoint.testLayer.PriceGuideCategoriesTest@7db12bb6]" started-at="2023-09-20T18:42:35 IST" name="verifyPriceGuideCategoryFilterSourceOtherRRAuctionOption" finished-at="2023-09-20T18:42:56 IST" duration-ms="21588" status="PASS">
          <reporter-output>
          </reporter-output>
        </test-method> <!-- verifyPriceGuideCategoryFilterSourceOtherRRAuctionOption -->
        <test-method is-config="true" signature="teardown()[pri:0, instance:com.worthPoint.testLayer.PriceGuideCategoriesTest@7db12bb6]" started-at="2023-09-20T18:42:56 IST" name="teardown" finished-at="2023-09-20T18:42:57 IST" duration-ms="570" status="PASS">
          <reporter-output>
          </reporter-output>
        </test-method> <!-- teardown -->
      </class> <!-- com.worthPoint.testLayer.PriceGuideCategoriesTest -->
      <class name="com.worthPoint.testLayer.VaultTest">
        <test-method is-config="true" signature="setup()[pri:0, instance:com.worthPoint.testLayer.VaultTest@52b1beb6]" started-at="2023-09-20T18:23:12 IST" name="setup" finished-at="2023-09-20T18:23:20 IST" duration-ms="7840" status="PASS">
          <reporter-output>
          </reporter-output>
        </test-method> <!-- setup -->
        <test-method is-config="true" signature="login()[pri:0, instance:com.worthPoint.testLayer.VaultTest@52b1beb6]" started-at="2023-09-20T18:23:20 IST" name="login" finished-at="2023-09-20T18:23:30 IST" duration-ms="10636" status="PASS">
          <reporter-output>
          </reporter-output>
        </test-method> <!-- login -->
        <test-method signature="verifyVaultMyTagsHeaderFunctionality()[pri:1, instance:com.worthPoint.testLayer.VaultTest@52b1beb6]" started-at="2023-09-20T18:23:30 IST" name="verifyVaultMyTagsHeaderFunctionality" finished-at="2023-09-20T18:23:36 IST" duration-ms="5736" status="PASS">
          <reporter-output>
          </reporter-output>
        </test-method> <!-- verifyVaultMyTagsHeaderFunctionality -->
        <test-method is-config="true" signature="login()[pri:0, instance:com.worthPoint.testLayer.VaultTest@52b1beb6]" started-at="2023-09-20T18:23:36 IST" name="login" finished-at="2023-09-20T18:23:48 IST" duration-ms="12070" status="PASS">
          <reporter-output>
          </reporter-output>
        </test-method> <!-- login -->
        <test-method signature="verifyVaultAddNewTagFunctionality()[pri:2, instance:com.worthPoint.testLayer.VaultTest@52b1beb6]" started-at="2023-09-20T18:23:48 IST" name="verifyVaultAddNewTagFunctionality" finished-at="2023-09-20T18:24:06 IST" duration-ms="17833" status="PASS">
          <reporter-output>
          </reporter-output>
        </test-method> <!-- verifyVaultAddNewTagFunctionality -->
        <test-method is-config="true" signature="login()[pri:0, instance:com.worthPoint.testLayer.VaultTest@52b1beb6]" started-at="2023-09-20T18:24:06 IST" name="login" finished-at="2023-09-20T18:24:18 IST" duration-ms="11890" status="PASS">
          <reporter-output>
          </reporter-output>
        </test-method> <!-- login -->
        <test-method signature="verifyUpdateTagNameFunctionality()[pri:3, instance:com.worthPoint.testLayer.VaultTest@52b1beb6]" started-at="2023-09-20T18:24:18 IST" name="verifyUpdateTagNameFunctionality" finished-at="2023-09-20T18:24:33 IST" duration-ms="14626" status="PASS">
          <reporter-output>
          </reporter-output>
        </test-method> <!-- verifyUpdateTagNameFunctionality -->
        <test-method is-config="true" signature="login()[pri:0, instance:com.worthPoint.testLayer.VaultTest@52b1beb6]" started-at="2023-09-20T18:24:33 IST" name="login" finished-at="2023-09-20T18:24:44 IST" duration-ms="11137" status="PASS">
          <reporter-output>
          </reporter-output>
        </test-method> <!-- login -->
        <test-method signature="verifyDelateTagFunctionality()[pri:4, instance:com.worthPoint.testLayer.VaultTest@52b1beb6]" started-at="2023-09-20T18:24:44 IST" name="verifyDelateTagFunctionality" finished-at="2023-09-20T18:24:56 IST" duration-ms="11955" status="PASS">
          <reporter-output>
          </reporter-output>
        </test-method> <!-- verifyDelateTagFunctionality -->
        <test-method is-config="true" signature="login()[pri:0, instance:com.worthPoint.testLayer.VaultTest@52b1beb6]" started-at="2023-09-20T18:24:56 IST" name="login" finished-at="2023-09-20T18:25:07 IST" duration-ms="11487" status="PASS">
          <reporter-output>
          </reporter-output>
        </test-method> <!-- login -->
        <test-method signature="verifyVaultMyTagsModuleFunctionality()[pri:5, instance:com.worthPoint.testLayer.VaultTest@52b1beb6]" started-at="2023-09-20T18:25:07 IST" name="verifyVaultMyTagsModuleFunctionality" finished-at="2023-09-20T18:25:34 IST" duration-ms="27158" status="PASS">
          <reporter-output>
          </reporter-output>
        </test-method> <!-- verifyVaultMyTagsModuleFunctionality -->
        <test-method is-config="true" signature="login()[pri:0, instance:com.worthPoint.testLayer.VaultTest@52b1beb6]" started-at="2023-09-20T18:25:34 IST" name="login" finished-at="2023-09-20T18:25:46 IST" duration-ms="11178" status="PASS">
          <reporter-output>
          </reporter-output>
        </test-method> <!-- login -->
        <test-method signature="verifyVaultCollectionsHeaderFunctionality()[pri:6, instance:com.worthPoint.testLayer.VaultTest@52b1beb6]" started-at="2023-09-20T18:25:46 IST" name="verifyVaultCollectionsHeaderFunctionality" finished-at="2023-09-20T18:25:50 IST" duration-ms="4474" status="PASS">
          <reporter-output>
          </reporter-output>
        </test-method> <!-- verifyVaultCollectionsHeaderFunctionality -->
        <test-method is-config="true" signature="login()[pri:0, instance:com.worthPoint.testLayer.VaultTest@52b1beb6]" started-at="2023-09-20T18:25:50 IST" name="login" finished-at="2023-09-20T18:26:02 IST" duration-ms="11754" status="PASS">
          <reporter-output>
          </reporter-output>
        </test-method> <!-- login -->
        <test-method signature="verifyVaultCreateCollectionFunctionality()[pri:7, instance:com.worthPoint.testLayer.VaultTest@52b1beb6]" started-at="2023-09-20T18:26:02 IST" name="verifyVaultCreateCollectionFunctionality" finished-at="2023-09-20T18:26:26 IST" duration-ms="23750" status="PASS">
          <reporter-output>
          </reporter-output>
        </test-method> <!-- verifyVaultCreateCollectionFunctionality -->
        <test-method is-config="true" signature="login()[pri:0, instance:com.worthPoint.testLayer.VaultTest@52b1beb6]" started-at="2023-09-20T18:26:26 IST" name="login" finished-at="2023-09-20T18:26:37 IST" duration-ms="11596" status="PASS">
          <reporter-output>
          </reporter-output>
        </test-method> <!-- login -->
        <test-method signature="verifyVaultCollectionShareButtonFunctionality()[pri:8, instance:com.worthPoint.testLayer.VaultTest@52b1beb6]" started-at="2023-09-20T18:26:37 IST" name="verifyVaultCollectionShareButtonFunctionality" finished-at="2023-09-20T18:26:54 IST" duration-ms="16810" status="PASS">
          <reporter-output>
          </reporter-output>
        </test-method> <!-- verifyVaultCollectionShareButtonFunctionality -->
        <test-method is-config="true" signature="login()[pri:0, instance:com.worthPoint.testLayer.VaultTest@52b1beb6]" started-at="2023-09-20T18:26:54 IST" name="login" finished-at="2023-09-20T18:27:05 IST" duration-ms="11181" status="PASS">
          <reporter-output>
          </reporter-output>
        </test-method> <!-- login -->
        <test-method signature="verifyVaultUpdateCollectionNameFunctionality()[pri:9, instance:com.worthPoint.testLayer.VaultTest@52b1beb6]" started-at="2023-09-20T18:27:05 IST" name="verifyVaultUpdateCollectionNameFunctionality" finished-at="2023-09-20T18:27:31 IST" duration-ms="25847" status="PASS">
          <reporter-output>
          </reporter-output>
        </test-method> <!-- verifyVaultUpdateCollectionNameFunctionality -->
        <test-method is-config="true" signature="login()[pri:0, instance:com.worthPoint.testLayer.VaultTest@52b1beb6]" started-at="2023-09-20T18:27:31 IST" name="login" finished-at="2023-09-20T18:27:43 IST" duration-ms="12084" status="PASS">
          <reporter-output>
          </reporter-output>
        </test-method> <!-- login -->
        <test-method signature="verifyVaultDeleteCollectionFunctionality()[pri:10, instance:com.worthPoint.testLayer.VaultTest@52b1beb6]" started-at="2023-09-20T18:27:43 IST" name="verifyVaultDeleteCollectionFunctionality" finished-at="2023-09-20T18:28:00 IST" duration-ms="16539" status="PASS">
          <reporter-output>
          </reporter-output>
        </test-method> <!-- verifyVaultDeleteCollectionFunctionality -->
        <test-method is-config="true" signature="login()[pri:0, instance:com.worthPoint.testLayer.VaultTest@52b1beb6]" started-at="2023-09-20T18:28:00 IST" name="login" finished-at="2023-09-20T18:28:11 IST" duration-ms="11324" status="PASS">
          <reporter-output>
          </reporter-output>
        </test-method> <!-- login -->
        <test-method signature="verifyVaultCollectionsModuleFunctionality()[pri:11, instance:com.worthPoint.testLayer.VaultTest@52b1beb6]" started-at="2023-09-20T18:28:11 IST" name="verifyVaultCollectionsModuleFunctionality" finished-at="2023-09-20T18:29:15 IST" duration-ms="64487" status="PASS">
          <reporter-output>
          </reporter-output>
        </test-method> <!-- verifyVaultCollectionsModuleFunctionality -->
        <test-method is-config="true" signature="login()[pri:0, instance:com.worthPoint.testLayer.VaultTest@52b1beb6]" started-at="2023-09-20T18:29:15 IST" name="login" finished-at="2023-09-20T18:29:27 IST" duration-ms="11343" status="PASS">
          <reporter-output>
          </reporter-output>
        </test-method> <!-- login -->
        <test-method signature="verifyVaultCollectionFilterModuleFunctionality()[pri:19, instance:com.worthPoint.testLayer.VaultTest@52b1beb6]" started-at="2023-09-20T18:29:27 IST" name="verifyVaultCollectionFilterModuleFunctionality" finished-at="2023-09-20T18:31:18 IST" duration-ms="111535" status="PASS">
          <reporter-output>
          </reporter-output>
        </test-method> <!-- verifyVaultCollectionFilterModuleFunctionality -->
        <test-method is-config="true" signature="login()[pri:0, instance:com.worthPoint.testLayer.VaultTest@52b1beb6]" started-at="2023-09-20T18:31:18 IST" name="login" finished-at="2023-09-20T18:31:30 IST" duration-ms="11385" status="PASS">
          <reporter-output>
          </reporter-output>
        </test-method> <!-- login -->
        <test-method signature="verifyVaultMyVaultModuleFunctionality()[pri:26, instance:com.worthPoint.testLayer.VaultTest@52b1beb6]" started-at="2023-09-20T18:31:30 IST" name="verifyVaultMyVaultModuleFunctionality" finished-at="2023-09-20T18:34:39 IST" duration-ms="189160" status="PASS">
          <reporter-output>
          </reporter-output>
        </test-method> <!-- verifyVaultMyVaultModuleFunctionality -->
        <test-method is-config="true" signature="login()[pri:0, instance:com.worthPoint.testLayer.VaultTest@52b1beb6]" started-at="2023-09-20T18:34:39 IST" name="login" finished-at="2023-09-20T18:34:50 IST" duration-ms="11320" status="PASS">
          <reporter-output>
          </reporter-output>
        </test-method> <!-- login -->
        <test-method signature="verifyVaultAddVaultItemWithInsuranceCompanyAndStorageLocationModuleFunctionality()[pri:32, instance:com.worthPoint.testLayer.VaultTest@52b1beb6]" started-at="2023-09-20T18:34:50 IST" name="verifyVaultAddVaultItemWithInsuranceCompanyAndStorageLocationModuleFunctionality" finished-at="2023-09-20T18:36:56 IST" duration-ms="125568" status="FAIL">
          <exception class="java.lang.AssertionError">
            <message>
              <![CDATA[expected [true] but found [false]]]>
            </message>
            <full-stacktrace>
              <![CDATA[java.lang.AssertionError: expected [true] but found [false]
at org.testng.Assert.fail(Assert.java:99)
at org.testng.Assert.failNotEquals(Assert.java:1037)
at org.testng.Assert.assertTrue(Assert.java:45)
at org.testng.Assert.assertTrue(Assert.java:55)
at com.worthPoint.testLayer.VaultTest.verifyVaultAddVaultItemWithInsuranceCompanyAndStorageLocationModuleFunctionality(VaultTest.java:1871)
at java.base/jdk.internal.reflect.NativeMethodAccessorImpl.invoke0(Native Method)
at java.base/jdk.internal.reflect.NativeMethodAccessorImpl.invoke(NativeMethodAccessorImpl.java:64)
at java.base/jdk.internal.reflect.DelegatingMethodAccessorImpl.invoke(DelegatingMethodAccessorImpl.java:43)
at java.base/java.lang.reflect.Method.invoke(Method.java:564)
at org.testng.internal.MethodInvocationHelper.invokeMethod(MethodInvocationHelper.java:133)
at org.testng.internal.TestInvoker.invokeMethod(TestInvoker.java:598)
at org.testng.internal.TestInvoker.invokeTestMethod(TestInvoker.java:173)
at org.testng.internal.MethodRunner.runInSequence(MethodRunner.java:46)
at org.testng.internal.TestInvoker$MethodInvocationAgent.invoke(TestInvoker.java:824)
at org.testng.internal.TestInvoker.invokeTestMethods(TestInvoker.java:146)
at org.testng.internal.TestMethodWorker.invokeTestMethods(TestMethodWorker.java:146)
at org.testng.internal.TestMethodWorker.run(TestMethodWorker.java:128)
at java.base/java.util.ArrayList.forEach(ArrayList.java:1511)
at org.testng.TestRunner.privateRun(TestRunner.java:794)
at org.testng.TestRunner.run(TestRunner.java:596)
at org.testng.SuiteRunner.runTest(SuiteRunner.java:377)
at org.testng.SuiteRunner.runSequentially(SuiteRunner.java:371)
at org.testng.SuiteRunner.privateRun(SuiteRunner.java:332)
at org.testng.SuiteRunner.run(SuiteRunner.java:276)
at org.testng.SuiteRunnerWorker.runSuite(SuiteRunnerWorker.java:53)
at org.testng.SuiteRunnerWorker.run(SuiteRunnerWorker.java:96)
at org.testng.TestNG.runSuitesSequentially(TestNG.java:1212)
at org.testng.TestNG.runSuitesLocally(TestNG.java:1134)
at org.testng.TestNG.runSuites(TestNG.java:1063)
at org.testng.TestNG.run(TestNG.java:1031)
at org.testng.remote.AbstractRemoteTestNG.run(AbstractRemoteTestNG.java:115)
at org.testng.remote.RemoteTestNG.initAndRun(RemoteTestNG.java:251)
at org.testng.remote.RemoteTestNG.main(RemoteTestNG.java:77)
]]>
            </full-stacktrace>
          </exception> <!-- java.lang.AssertionError -->
          <reporter-output>
          </reporter-output>
        </test-method> <!-- verifyVaultAddVaultItemWithInsuranceCompanyAndStorageLocationModuleFunctionality -->
        <test-method is-config="true" signature="teardown()[pri:0, instance:com.worthPoint.testLayer.VaultTest@52b1beb6]" started-at="2023-09-20T18:36:56 IST" name="teardown" finished-at="2023-09-20T18:36:56 IST" duration-ms="581" status="PASS">
          <reporter-output>
          </reporter-output>
        </test-method> <!-- teardown -->
      </class> <!-- com.worthPoint.testLayer.VaultTest -->
      <class name="com.worthPoint.testLayer.VisualSearchTest">
        <test-method is-config="true" signature="setup()[pri:0, instance:com.worthPoint.testLayer.VisualSearchTest@273e7444]" started-at="2023-09-20T18:36:56 IST" name="setup" finished-at="2023-09-20T18:37:04 IST" duration-ms="7982" status="PASS">
          <reporter-output>
          </reporter-output>
        </test-method> <!-- setup -->
        <test-method is-config="true" signature="login()[pri:0, instance:com.worthPoint.testLayer.VisualSearchTest@273e7444]" started-at="2023-09-20T18:37:04 IST" name="login" finished-at="2023-09-20T18:37:25 IST" duration-ms="20411" status="PASS">
          <reporter-output>
          </reporter-output>
        </test-method> <!-- login -->
        <test-method signature="verifyVisualSearchFunctionalityByGalleryUsingPriceGuide()[pri:1, instance:com.worthPoint.testLayer.VisualSearchTest@273e7444]" started-at="2023-09-20T18:37:25 IST" name="verifyVisualSearchFunctionalityByGalleryUsingPriceGuide" finished-at="2023-09-20T18:37:35 IST" duration-ms="10181" status="FAIL">
          <exception class="org.openqa.selenium.NoSuchElementException">
            <message>
              <![CDATA[Can't locate an element by this strategy: By.chained({By.xpath: //android.view.View[@content-desc="Search WorthPoint"]})]]>
            </message>
            <full-stacktrace>
              <![CDATA[org.openqa.selenium.NoSuchElementException: Can't locate an element by this strategy: By.chained({By.xpath: //android.view.View[@content-desc="Search WorthPoint"]})
at io.appium.java_client.pagefactory.AppiumElementLocator.findElement(AppiumElementLocator.java:125)
at io.appium.java_client.pagefactory.interceptors.InterceptorOfASingleElement.intercept(InterceptorOfASingleElement.java:59)
at org.openqa.selenium.remote.RemoteWebElement$$EnhancerByCGLIB$$d27c0df4.click(<generated>)
at com.worthPoint.pagelayer.VisualSearchPage.clickOnSearchWorthPoint(VisualSearchPage.java:53)
at com.worthPoint.testLayer.VisualSearchTest.verifyVisualSearchFunctionalityByGalleryUsingPriceGuide(VisualSearchTest.java:33)
at java.base/jdk.internal.reflect.NativeMethodAccessorImpl.invoke0(Native Method)
at java.base/jdk.internal.reflect.NativeMethodAccessorImpl.invoke(NativeMethodAccessorImpl.java:64)
at java.base/jdk.internal.reflect.DelegatingMethodAccessorImpl.invoke(DelegatingMethodAccessorImpl.java:43)
at java.base/java.lang.reflect.Method.invoke(Method.java:564)
at org.testng.internal.MethodInvocationHelper.invokeMethod(MethodInvocationHelper.java:133)
at org.testng.internal.TestInvoker.invokeMethod(TestInvoker.java:598)
at org.testng.internal.TestInvoker.invokeTestMethod(TestInvoker.java:173)
at org.testng.internal.MethodRunner.runInSequence(MethodRunner.java:46)
at org.testng.internal.TestInvoker$MethodInvocationAgent.invoke(TestInvoker.java:824)
at org.testng.internal.TestInvoker.invokeTestMethods(TestInvoker.java:146)
at org.testng.internal.TestMethodWorker.invokeTestMethods(TestMethodWorker.java:146)
at org.testng.internal.TestMethodWorker.run(TestMethodWorker.java:128)
at java.base/java.util.ArrayList.forEach(ArrayList.java:1511)
at org.testng.TestRunner.privateRun(TestRunner.java:794)
at org.testng.TestRunner.run(TestRunner.java:596)
at org.testng.SuiteRunner.runTest(SuiteRunner.java:377)
at org.testng.SuiteRunner.runSequentially(SuiteRunner.java:371)
at org.testng.SuiteRunner.privateRun(SuiteRunner.java:332)
at org.testng.SuiteRunner.run(SuiteRunner.java:276)
at org.testng.SuiteRunnerWorker.runSuite(SuiteRunnerWorker.java:53)
at org.testng.SuiteRunnerWorker.run(SuiteRunnerWorker.java:96)
at org.testng.TestNG.runSuitesSequentially(TestNG.java:1212)
at org.testng.TestNG.runSuitesLocally(TestNG.java:1134)
at org.testng.TestNG.runSuites(TestNG.java:1063)
at org.testng.TestNG.run(TestNG.java:1031)
at org.testng.remote.AbstractRemoteTestNG.run(AbstractRemoteTestNG.java:115)
at org.testng.remote.RemoteTestNG.initAndRun(RemoteTestNG.java:251)
at org.testng.remote.RemoteTestNG.main(RemoteTestNG.java:77)
Caused by: org.openqa.selenium.TimeoutException: Expected condition failed: waiting for io.appium.java_client.pagefactory.AppiumElementLocator$WaitingFunction@437a4e61 (tried for 1 second(s) with 500 milliseconds interval)
at org.openqa.selenium.support.ui.FluentWait.timeoutException(FluentWait.java:262)
at org.openqa.selenium.support.ui.FluentWait.until(FluentWait.java:230)
at io.appium.java_client.pagefactory.AppiumElementLocator.waitFor(AppiumElementLocator.java:98)
at io.appium.java_client.pagefactory.AppiumElementLocator.findElement(AppiumElementLocator.java:118)
... 32 more
Caused by: org.openqa.selenium.NoSuchElementException: Cannot locate an element using By.chained({By.xpath: //android.view.View[@content-desc="Search WorthPoint"]})
For documentation on this error, please visit: https://www.selenium.dev/documentation/webdriver/troubleshooting/errors#no-such-element-exception
Build info: version: '4.11.0', revision: '040bc5406b'
System info: os.name: 'Windows 10', os.arch: 'amd64', os.version: '10.0', java.version: '15.0.1'
Driver info: driver.version: RemoteWebDriver
at io.appium.java_client.pagefactory.bys.builder.ByChained.findElement(ByChained.java:77)
at org.openqa.selenium.remote.ElementLocation$ElementFinder$1.findElement(ElementLocation.java:139)
at org.openqa.selenium.remote.ElementLocation.findElement(ElementLocation.java:59)
at org.openqa.selenium.remote.RemoteWebDriver.findElement(RemoteWebDriver.java:355)
at org.openqa.selenium.remote.RemoteWebDriver.findElement(RemoteWebDriver.java:349)
at io.appium.java_client.pagefactory.bys.ContentMappedBy.findElement(ContentMappedBy.java:50)
at org.openqa.selenium.remote.ElementLocation$ElementFinder$1.findElement(ElementLocation.java:139)
at org.openqa.selenium.remote.ElementLocation.findElement(ElementLocation.java:59)
at org.openqa.selenium.remote.RemoteWebDriver.findElement(RemoteWebDriver.java:355)
at org.openqa.selenium.remote.RemoteWebDriver.findElement(RemoteWebDriver.java:349)
at io.appium.java_client.pagefactory.AppiumElementLocator.lambda$findElement$0(AppiumElementLocator.java:119)
at io.appium.java_client.pagefactory.AppiumElementLocator$WaitingFunction.apply(AppiumElementLocator.java:171)
at io.appium.java_client.pagefactory.AppiumElementLocator$WaitingFunction.apply(AppiumElementLocator.java:164)
at org.openqa.selenium.support.ui.FluentWait.until(FluentWait.java:205)
... 34 more
]]>
            </full-stacktrace>
          </exception> <!-- org.openqa.selenium.NoSuchElementException -->
          <reporter-output>
          </reporter-output>
        </test-method> <!-- verifyVisualSearchFunctionalityByGalleryUsingPriceGuide -->
        <test-method is-config="true" signature="login()[pri:0, instance:com.worthPoint.testLayer.VisualSearchTest@273e7444]" started-at="2023-09-20T18:37:35 IST" name="login" finished-at="2023-09-20T18:37:49 IST" duration-ms="14313" status="PASS">
          <reporter-output>
          </reporter-output>
        </test-method> <!-- login -->
        <test-method signature="verifyVisualSearchFunctionalityByGalleryUsingMarks()[pri:2, instance:com.worthPoint.testLayer.VisualSearchTest@273e7444]" started-at="2023-09-20T18:37:49 IST" name="verifyVisualSearchFunctionalityByGalleryUsingMarks" finished-at="2023-09-20T18:38:25 IST" duration-ms="36169" status="FAIL">
          <exception class="org.openqa.selenium.TimeoutException">
            <message>
              <![CDATA[Expected condition failed: waiting for visibility of element located by By.xpath: //android.view.View[@content-desc="No Data Available"] (tried for 30 second(s) with 500 milliseconds interval)
Build info: version: '4.11.0', revision: '040bc5406b'
System info: os.name: 'Windows 10', os.arch: 'amd64', os.version: '10.0', java.version: '15.0.1'
Driver info: io.appium.java_client.android.AndroidDriver
Capabilities {appium:appActivity: com.worthpoint.priceguide.M..., appium:appPackage: com.worthpoint.priceguide.dev, appium:autoGrantPermissions: true, appium:automationName: UIAutomator2, appium:databaseEnabled: false, appium:desired: {appActivity: com.worthpoint.priceguide.M..., appPackage: com.worthpoint.priceguide.dev, autoGrantPermissions: true, automationName: UIAutomator2, deviceName: "Pixel 2", platformName: ANDROID, unicodeKeyboard: true}, appium:deviceApiLevel: 30, appium:deviceManufacturer: Google, appium:deviceModel: Pixel 2, appium:deviceName: HT79D1A01251, appium:deviceScreenDensity: 420, appium:deviceScreenSize: 1080x1920, appium:deviceUDID: HT79D1A01251, appium:javascriptEnabled: true, appium:locationContextEnabled: false, appium:networkConnectionEnabled: true, appium:pixelRatio: 2.625, appium:platformVersion: 11, appium:statBarHeight: 63, appium:takesScreenshot: true, appium:unicodeKeyboard: true, appium:viewportRect: {height: 1731, left: 0, top: 63, width: 1080}, appium:warnings: {}, appium:webStorageEnabled: false, platformName: ANDROID}
Session ID: 6946192c-35e5-419e-904a-efb3d43acd26]]>
            </message>
            <full-stacktrace>
              <![CDATA[org.openqa.selenium.TimeoutException: Expected condition failed: waiting for visibility of element located by By.xpath: //android.view.View[@content-desc="No Data Available"] (tried for 30 second(s) with 500 milliseconds interval)
Build info: version: '4.11.0', revision: '040bc5406b'
System info: os.name: 'Windows 10', os.arch: 'amd64', os.version: '10.0', java.version: '15.0.1'
Driver info: io.appium.java_client.android.AndroidDriver
Capabilities {appium:appActivity: com.worthpoint.priceguide.M..., appium:appPackage: com.worthpoint.priceguide.dev, appium:autoGrantPermissions: true, appium:automationName: UIAutomator2, appium:databaseEnabled: false, appium:desired: {appActivity: com.worthpoint.priceguide.M..., appPackage: com.worthpoint.priceguide.dev, autoGrantPermissions: true, automationName: UIAutomator2, deviceName: "Pixel 2", platformName: ANDROID, unicodeKeyboard: true}, appium:deviceApiLevel: 30, appium:deviceManufacturer: Google, appium:deviceModel: Pixel 2, appium:deviceName: HT79D1A01251, appium:deviceScreenDensity: 420, appium:deviceScreenSize: 1080x1920, appium:deviceUDID: HT79D1A01251, appium:javascriptEnabled: true, appium:locationContextEnabled: false, appium:networkConnectionEnabled: true, appium:pixelRatio: 2.625, appium:platformVersion: 11, appium:statBarHeight: 63, appium:takesScreenshot: true, appium:unicodeKeyboard: true, appium:viewportRect: {height: 1731, left: 0, top: 63, width: 1080}, appium:warnings: {}, appium:webStorageEnabled: false, platformName: ANDROID}
Session ID: 6946192c-35e5-419e-904a-efb3d43acd26
at org.openqa.selenium.support.ui.WebDriverWait.timeoutException(WebDriverWait.java:84)
at org.openqa.selenium.support.ui.FluentWait.until(FluentWait.java:230)
at utilities.Utilities.explicitWait(Utilities.java:151)
at com.worthPoint.testLayer.VisualSearchTest.verifyVisualSearchFunctionalityByGalleryUsingMarks(VisualSearchTest.java:72)
at java.base/jdk.internal.reflect.NativeMethodAccessorImpl.invoke0(Native Method)
at java.base/jdk.internal.reflect.NativeMethodAccessorImpl.invoke(NativeMethodAccessorImpl.java:64)
at java.base/jdk.internal.reflect.DelegatingMethodAccessorImpl.invoke(DelegatingMethodAccessorImpl.java:43)
at java.base/java.lang.reflect.Method.invoke(Method.java:564)
at org.testng.internal.MethodInvocationHelper.invokeMethod(MethodInvocationHelper.java:133)
at org.testng.internal.TestInvoker.invokeMethod(TestInvoker.java:598)
at org.testng.internal.TestInvoker.invokeTestMethod(TestInvoker.java:173)
at org.testng.internal.MethodRunner.runInSequence(MethodRunner.java:46)
at org.testng.internal.TestInvoker$MethodInvocationAgent.invoke(TestInvoker.java:824)
at org.testng.internal.TestInvoker.invokeTestMethods(TestInvoker.java:146)
at org.testng.internal.TestMethodWorker.invokeTestMethods(TestMethodWorker.java:146)
at org.testng.internal.TestMethodWorker.run(TestMethodWorker.java:128)
at java.base/java.util.ArrayList.forEach(ArrayList.java:1511)
at org.testng.TestRunner.privateRun(TestRunner.java:794)
at org.testng.TestRunner.run(TestRunner.java:596)
at org.testng.SuiteRunner.runTest(SuiteRunner.java:377)
at org.testng.SuiteRunner.runSequentially(SuiteRunner.java:371)
at org.testng.SuiteRunner.privateRun(SuiteRunner.java:332)
at org.testng.SuiteRunner.run(SuiteRunner.java:276)
at org.testng.SuiteRunnerWorker.runSuite(SuiteRunnerWorker.java:53)
at org.testng.SuiteRunnerWorker.run(SuiteRunnerWorker.java:96)
at org.testng.TestNG.runSuitesSequentially(TestNG.java:1212)
at org.testng.TestNG.runSuitesLocally(TestNG.java:1134)
at org.testng.TestNG.runSuites(TestNG.java:1063)
at org.testng.TestNG.run(TestNG.java:1031)
at org.testng.remote.AbstractRemoteTestNG.run(AbstractRemoteTestNG.java:115)
at org.testng.remote.RemoteTestNG.initAndRun(RemoteTestNG.java:251)
at org.testng.remote.RemoteTestNG.main(RemoteTestNG.java:77)
]]>
            </full-stacktrace>
          </exception> <!-- org.openqa.selenium.TimeoutException -->
          <reporter-output>
          </reporter-output>
        </test-method> <!-- verifyVisualSearchFunctionalityByGalleryUsingMarks -->
        <test-method is-config="true" signature="teardown()[pri:0, instance:com.worthPoint.testLayer.VisualSearchTest@273e7444]" started-at="2023-09-20T18:38:25 IST" name="teardown" finished-at="2023-09-20T18:38:26 IST" duration-ms="672" status="PASS">
          <reporter-output>
          </reporter-output>
        </test-method> <!-- teardown -->
      </class> <!-- com.worthPoint.testLayer.VisualSearchTest -->
      <class name="com.worthPoint.testLayer.MarksPopularMarksTest">
        <test-method is-config="true" signature="setup()[pri:0, instance:com.worthPoint.testLayer.MarksPopularMarksTest@53aac487]" started-at="2023-09-20T18:21:01 IST" name="setup" finished-at="2023-09-20T18:21:09 IST" duration-ms="8055" status="PASS">
          <reporter-output>
          </reporter-output>
        </test-method> <!-- setup -->
        <test-method is-config="true" signature="login()[pri:0, instance:com.worthPoint.testLayer.MarksPopularMarksTest@53aac487]" started-at="2023-09-20T18:21:09 IST" name="login" finished-at="2023-09-20T18:21:21 IST" duration-ms="11531" status="PASS">
          <reporter-output>
          </reporter-output>
        </test-method> <!-- login -->
        <test-method signature="verifyMarksPopularMarksDisplayFunctionality()[pri:1, instance:com.worthPoint.testLayer.MarksPopularMarksTest@53aac487]" started-at="2023-09-20T18:21:21 IST" name="verifyMarksPopularMarksDisplayFunctionality" finished-at="2023-09-20T18:21:24 IST" duration-ms="3409" status="PASS">
          <reporter-output>
          </reporter-output>
        </test-method> <!-- verifyMarksPopularMarksDisplayFunctionality -->
        <test-method is-config="true" signature="login()[pri:0, instance:com.worthPoint.testLayer.MarksPopularMarksTest@53aac487]" started-at="2023-09-20T18:21:24 IST" name="login" finished-at="2023-09-20T18:21:36 IST" duration-ms="11796" status="PASS">
          <reporter-output>
          </reporter-output>
        </test-method> <!-- login -->
        <test-method signature="verifyMarksPopularMarksFunctionalityListandGridView()[pri:2, instance:com.worthPoint.testLayer.MarksPopularMarksTest@53aac487]" started-at="2023-09-20T18:21:36 IST" name="verifyMarksPopularMarksFunctionalityListandGridView" finished-at="2023-09-20T18:21:41 IST" duration-ms="4856" status="PASS">
          <reporter-output>
          </reporter-output>
        </test-method> <!-- verifyMarksPopularMarksFunctionalityListandGridView -->
        <test-method is-config="true" signature="login()[pri:0, instance:com.worthPoint.testLayer.MarksPopularMarksTest@53aac487]" started-at="2023-09-20T18:21:41 IST" name="login" finished-at="2023-09-20T18:21:52 IST" duration-ms="11886" status="PASS">
          <reporter-output>
          </reporter-output>
        </test-method> <!-- login -->
        <test-method signature="verifyMarksPopulorMarksFunctionalityClickOnProductandSeeDetails()[pri:3, instance:com.worthPoint.testLayer.MarksPopularMarksTest@53aac487]" started-at="2023-09-20T18:21:52 IST" name="verifyMarksPopulorMarksFunctionalityClickOnProductandSeeDetails" finished-at="2023-09-20T18:22:01 IST" duration-ms="8669" status="PASS">
          <reporter-output>
          </reporter-output>
        </test-method> <!-- verifyMarksPopulorMarksFunctionalityClickOnProductandSeeDetails -->
        <test-method is-config="true" signature="login()[pri:0, instance:com.worthPoint.testLayer.MarksPopularMarksTest@53aac487]" started-at="2023-09-20T18:22:01 IST" name="login" finished-at="2023-09-20T18:22:14 IST" duration-ms="12419" status="PASS">
          <reporter-output>
          </reporter-output>
        </test-method> <!-- login -->
        <test-method signature="verifyMarksPopulorMarksFunctionalityListViewClickOnProductandSeeDetails()[pri:4, instance:com.worthPoint.testLayer.MarksPopularMarksTest@53aac487]" started-at="2023-09-20T18:22:14 IST" name="verifyMarksPopulorMarksFunctionalityListViewClickOnProductandSeeDetails" finished-at="2023-09-20T18:22:20 IST" duration-ms="6839" status="PASS">
          <reporter-output>
          </reporter-output>
        </test-method> <!-- verifyMarksPopulorMarksFunctionalityListViewClickOnProductandSeeDetails -->
        <test-method is-config="true" signature="login()[pri:0, instance:com.worthPoint.testLayer.MarksPopularMarksTest@53aac487]" started-at="2023-09-20T18:22:20 IST" name="login" finished-at="2023-09-20T18:22:32 IST" duration-ms="11601" status="PASS">
          <reporter-output>
          </reporter-output>
        </test-method> <!-- login -->
        <test-method signature="verifyMarksPopularMarksFunctionalityProductcLinkShare()[pri:5, instance:com.worthPoint.testLayer.MarksPopularMarksTest@53aac487]" started-at="2023-09-20T18:22:32 IST" name="verifyMarksPopularMarksFunctionalityProductcLinkShare" finished-at="2023-09-20T18:22:43 IST" duration-ms="11138" status="PASS">
          <reporter-output>
          </reporter-output>
        </test-method> <!-- verifyMarksPopularMarksFunctionalityProductcLinkShare -->
        <test-method is-config="true" signature="login()[pri:0, instance:com.worthPoint.testLayer.MarksPopularMarksTest@53aac487]" started-at="2023-09-20T18:22:43 IST" name="login" finished-at="2023-09-20T18:22:55 IST" duration-ms="11758" status="PASS">
          <reporter-output>
          </reporter-output>
        </test-method> <!-- login -->
        <test-method signature="verifyMarksPopularMarksFunctionalityFavoriteProduct()[pri:6, instance:com.worthPoint.testLayer.MarksPopularMarksTest@53aac487]" started-at="2023-09-20T18:22:55 IST" name="verifyMarksPopularMarksFunctionalityFavoriteProduct" finished-at="2023-09-20T18:23:12 IST" duration-ms="16627" status="PASS">
          <reporter-output>
          </reporter-output>
        </test-method> <!-- verifyMarksPopularMarksFunctionalityFavoriteProduct -->
        <test-method is-config="true" signature="teardown()[pri:0, instance:com.worthPoint.testLayer.MarksPopularMarksTest@53aac487]" started-at="2023-09-20T18:23:12 IST" name="teardown" finished-at="2023-09-20T18:23:12 IST" duration-ms="438" status="PASS">
          <reporter-output>
          </reporter-output>
        </test-method> <!-- teardown -->
      </class> <!-- com.worthPoint.testLayer.MarksPopularMarksTest -->
      <class name="com.worthPoint.testLayer.MyAccountTest">
        <test-method is-config="true" signature="setup()[pri:0, instance:com.worthPoint.testLayer.MyAccountTest@29215f06]" started-at="2023-09-20T18:18:29 IST" name="setup" finished-at="2023-09-20T18:18:40 IST" duration-ms="10526" status="PASS">
          <reporter-output>
          </reporter-output>
        </test-method> <!-- setup -->
        <test-method is-config="true" signature="login()[pri:0, instance:com.worthPoint.testLayer.MyAccountTest@29215f06]" started-at="2023-09-20T18:18:40 IST" name="login" finished-at="2023-09-20T18:18:52 IST" duration-ms="11821" status="PASS">
          <reporter-output>
          </reporter-output>
        </test-method> <!-- login -->
        <test-method signature="verifyEditProfileHeaders()[pri:1, instance:com.worthPoint.testLayer.MyAccountTest@29215f06]" started-at="2023-09-20T18:18:52 IST" name="verifyEditProfileHeaders" finished-at="2023-09-20T18:18:57 IST" duration-ms="5635" status="PASS">
          <reporter-output>
          </reporter-output>
        </test-method> <!-- verifyEditProfileHeaders -->
        <test-method is-config="true" signature="login()[pri:0, instance:com.worthPoint.testLayer.MyAccountTest@29215f06]" started-at="2023-09-20T18:18:57 IST" name="login" finished-at="2023-09-20T18:19:09 IST" duration-ms="11863" status="PASS">
          <reporter-output>
          </reporter-output>
        </test-method> <!-- login -->
        <test-method signature="verifyEditProfileRequiredfields()[pri:2, instance:com.worthPoint.testLayer.MyAccountTest@29215f06]" started-at="2023-09-20T18:19:09 IST" name="verifyEditProfileRequiredfields" finished-at="2023-09-20T18:19:19 IST" duration-ms="10304" status="PASS">
          <reporter-output>
          </reporter-output>
        </test-method> <!-- verifyEditProfileRequiredfields -->
        <test-method is-config="true" signature="login()[pri:0, instance:com.worthPoint.testLayer.MyAccountTest@29215f06]" started-at="2023-09-20T18:19:19 IST" name="login" finished-at="2023-09-20T18:19:31 IST" duration-ms="11591" status="PASS">
          <reporter-output>
          </reporter-output>
        </test-method> <!-- login -->
        <test-method signature="verifyEditProfileInvalidPhoneNumber()[pri:3, instance:com.worthPoint.testLayer.MyAccountTest@29215f06]" started-at="2023-09-20T18:19:31 IST" name="verifyEditProfileInvalidPhoneNumber" finished-at="2023-09-20T18:19:42 IST" duration-ms="10752" status="PASS">
          <reporter-output>
          </reporter-output>
        </test-method> <!-- verifyEditProfileInvalidPhoneNumber -->
        <test-method is-config="true" signature="login()[pri:0, instance:com.worthPoint.testLayer.MyAccountTest@29215f06]" started-at="2023-09-20T18:19:42 IST" name="login" finished-at="2023-09-20T18:19:53 IST" duration-ms="10980" status="PASS">
          <reporter-output>
          </reporter-output>
        </test-method> <!-- login -->
        <test-method signature="verifyEditProfileDataUpdatedSuccessfully()[pri:4, instance:com.worthPoint.testLayer.MyAccountTest@29215f06]" started-at="2023-09-20T18:19:53 IST" name="verifyEditProfileDataUpdatedSuccessfully" finished-at="2023-09-20T18:20:04 IST" duration-ms="11314" status="PASS">
          <reporter-output>
          </reporter-output>
        </test-method> <!-- verifyEditProfileDataUpdatedSuccessfully -->
        <test-method is-config="true" signature="login()[pri:0, instance:com.worthPoint.testLayer.MyAccountTest@29215f06]" started-at="2023-09-20T18:20:04 IST" name="login" finished-at="2023-09-20T18:20:15 IST" duration-ms="11178" status="PASS">
          <reporter-output>
          </reporter-output>
        </test-method> <!-- login -->
        <test-method signature="verifyEditProfileWhatDescribeYoutheBestDataUpdatedSuccessfully()[pri:5, instance:com.worthPoint.testLayer.MyAccountTest@29215f06]" started-at="2023-09-20T18:20:15 IST" name="verifyEditProfileWhatDescribeYoutheBestDataUpdatedSuccessfully" finished-at="2023-09-20T18:20:23 IST" duration-ms="8047" status="PASS">
          <reporter-output>
          </reporter-output>
        </test-method> <!-- verifyEditProfileWhatDescribeYoutheBestDataUpdatedSuccessfully -->
        <test-method is-config="true" signature="login()[pri:0, instance:com.worthPoint.testLayer.MyAccountTest@29215f06]" started-at="2023-09-20T18:20:23 IST" name="login" finished-at="2023-09-20T18:20:36 IST" duration-ms="12282" status="PASS">
          <reporter-output>
          </reporter-output>
        </test-method> <!-- login -->
        <test-method signature="verifyEditProfileBackButtonFunctionality()[pri:6, instance:com.worthPoint.testLayer.MyAccountTest@29215f06]" started-at="2023-09-20T18:20:36 IST" name="verifyEditProfileBackButtonFunctionality" finished-at="2023-09-20T18:20:43 IST" duration-ms="7737" status="PASS">
          <reporter-output>
          </reporter-output>
        </test-method> <!-- verifyEditProfileBackButtonFunctionality -->
        <test-method is-config="true" signature="login()[pri:0, instance:com.worthPoint.testLayer.MyAccountTest@29215f06]" started-at="2023-09-20T18:20:43 IST" name="login" finished-at="2023-09-20T18:20:55 IST" duration-ms="11198" status="PASS">
          <reporter-output>
          </reporter-output>
        </test-method> <!-- login -->
        <test-method signature="verifyLogoutFunctionality()[pri:7, instance:com.worthPoint.testLayer.MyAccountTest@29215f06]" started-at="2023-09-20T18:20:55 IST" name="verifyLogoutFunctionality" finished-at="2023-09-20T18:21:00 IST" duration-ms="5844" status="PASS">
          <reporter-output>
          </reporter-output>
        </test-method> <!-- verifyLogoutFunctionality -->
        <test-method is-config="true" signature="teardown()[pri:0, instance:com.worthPoint.testLayer.MyAccountTest@29215f06]" started-at="2023-09-20T18:21:00 IST" name="teardown" finished-at="2023-09-20T18:21:01 IST" duration-ms="562" status="PASS">
          <reporter-output>
          </reporter-output>
        </test-method> <!-- teardown -->
      </class> <!-- com.worthPoint.testLayer.MyAccountTest -->
      <class name="com.worthPoint.testLayer.SearchPreferenceTest">
        <test-method is-config="true" signature="setup()[pri:0, instance:com.worthPoint.testLayer.SearchPreferenceTest@272113c4]" started-at="2023-09-20T18:46:16 IST" name="setup" finished-at="2023-09-20T18:46:24 IST" duration-ms="8132" status="PASS">
          <reporter-output>
          </reporter-output>
        </test-method> <!-- setup -->
        <test-method is-config="true" signature="login()[pri:0, instance:com.worthPoint.testLayer.SearchPreferenceTest@272113c4]" started-at="2023-09-20T18:46:24 IST" name="login" finished-at="2023-09-20T18:46:36 IST" duration-ms="11532" status="PASS">
          <reporter-output>
          </reporter-output>
        </test-method> <!-- login -->
        <test-method signature="verifyPriceGuideFilterSearchPreferencesDisplayFunctionality()[pri:1, instance:com.worthPoint.testLayer.SearchPreferenceTest@272113c4]" started-at="2023-09-20T18:46:36 IST" name="verifyPriceGuideFilterSearchPreferencesDisplayFunctionality" finished-at="2023-09-20T18:46:53 IST" duration-ms="16945" status="PASS">
          <reporter-output>
          </reporter-output>
        </test-method> <!-- verifyPriceGuideFilterSearchPreferencesDisplayFunctionality -->
        <test-method is-config="true" signature="login()[pri:0, instance:com.worthPoint.testLayer.SearchPreferenceTest@272113c4]" started-at="2023-09-20T18:46:53 IST" name="login" finished-at="2023-09-20T18:47:05 IST" duration-ms="12101" status="PASS">
          <reporter-output>
          </reporter-output>
        </test-method> <!-- login -->
        <test-method signature="verifyPriceGuideFilterSearchPreferencesOnlyShowItemsWithImagesFunctionality()[pri:2, instance:com.worthPoint.testLayer.SearchPreferenceTest@272113c4]" started-at="2023-09-20T18:47:05 IST" name="verifyPriceGuideFilterSearchPreferencesOnlyShowItemsWithImagesFunctionality" finished-at="2023-09-20T18:47:45 IST" duration-ms="39751" status="FAIL">
          <exception class="org.openqa.selenium.NoSuchElementException">
            <message>
              <![CDATA[An element could not be located on the page using the given search parameters.
For documentation on this error, please visit: https://www.selenium.dev/documentation/webdriver/troubleshooting/errors#no-such-element-exception
Build info: version: '4.11.0', revision: '040bc5406b'
System info: os.name: 'Windows 10', os.arch: 'amd64', os.version: '10.0', java.version: '15.0.1'
Driver info: io.appium.java_client.android.AndroidDriver
Command: [913b0687-18f0-45ba-a829-6e016f52de33, findElement {using=xpath, value=CheckboxOnlyShowItemWithImages}]
Capabilities {appium:appActivity: com.worthpoint.priceguide.M..., appium:appPackage: com.worthpoint.priceguide.dev, appium:autoGrantPermissions: true, appium:automationName: UIAutomator2, appium:databaseEnabled: false, appium:desired: {appActivity: com.worthpoint.priceguide.M..., appPackage: com.worthpoint.priceguide.dev, autoGrantPermissions: true, automationName: UIAutomator2, deviceName: "Pixel 2", platformName: ANDROID, unicodeKeyboard: true}, appium:deviceApiLevel: 30, appium:deviceManufacturer: Google, appium:deviceModel: Pixel 2, appium:deviceName: HT79D1A01251, appium:deviceScreenDensity: 420, appium:deviceScreenSize: 1080x1920, appium:deviceUDID: HT79D1A01251, appium:javascriptEnabled: true, appium:locationContextEnabled: false, appium:networkConnectionEnabled: true, appium:pixelRatio: 2.625, appium:platformVersion: 11, appium:statBarHeight: 63, appium:takesScreenshot: true, appium:unicodeKeyboard: true, appium:viewportRect: {height: 1731, left: 0, top: 63, width: 1080}, appium:warnings: {}, appium:webStorageEnabled: false, platformName: ANDROID}
Session ID: 913b0687-18f0-45ba-a829-6e016f52de33]]>
            </message>
            <full-stacktrace>
              <![CDATA[org.openqa.selenium.NoSuchElementException: An element could not be located on the page using the given search parameters.
For documentation on this error, please visit: https://www.selenium.dev/documentation/webdriver/troubleshooting/errors#no-such-element-exception
Build info: version: '4.11.0', revision: '040bc5406b'
System info: os.name: 'Windows 10', os.arch: 'amd64', os.version: '10.0', java.version: '15.0.1'
Driver info: io.appium.java_client.android.AndroidDriver
Command: [913b0687-18f0-45ba-a829-6e016f52de33, findElement {using=xpath, value=CheckboxOnlyShowItemWithImages}]
Capabilities {appium:appActivity: com.worthpoint.priceguide.M..., appium:appPackage: com.worthpoint.priceguide.dev, appium:autoGrantPermissions: true, appium:automationName: UIAutomator2, appium:databaseEnabled: false, appium:desired: {appActivity: com.worthpoint.priceguide.M..., appPackage: com.worthpoint.priceguide.dev, autoGrantPermissions: true, automationName: UIAutomator2, deviceName: "Pixel 2", platformName: ANDROID, unicodeKeyboard: true}, appium:deviceApiLevel: 30, appium:deviceManufacturer: Google, appium:deviceModel: Pixel 2, appium:deviceName: HT79D1A01251, appium:deviceScreenDensity: 420, appium:deviceScreenSize: 1080x1920, appium:deviceUDID: HT79D1A01251, appium:javascriptEnabled: true, appium:locationContextEnabled: false, appium:networkConnectionEnabled: true, appium:pixelRatio: 2.625, appium:platformVersion: 11, appium:statBarHeight: 63, appium:takesScreenshot: true, appium:unicodeKeyboard: true, appium:viewportRect: {height: 1731, left: 0, top: 63, width: 1080}, appium:warnings: {}, appium:webStorageEnabled: false, platformName: ANDROID}
Session ID: 913b0687-18f0-45ba-a829-6e016f52de33
at java.base/jdk.internal.reflect.NativeConstructorAccessorImpl.newInstance0(Native Method)
at java.base/jdk.internal.reflect.NativeConstructorAccessorImpl.newInstance(NativeConstructorAccessorImpl.java:64)
at java.base/jdk.internal.reflect.DelegatingConstructorAccessorImpl.newInstance(DelegatingConstructorAccessorImpl.java:45)
at java.base/java.lang.reflect.Constructor.newInstanceWithCaller(Constructor.java:500)
at java.base/java.lang.reflect.Constructor.newInstance(Constructor.java:481)
at org.openqa.selenium.remote.codec.w3c.W3CHttpResponseCodec.createException(W3CHttpResponseCodec.java:200)
at org.openqa.selenium.remote.codec.w3c.W3CHttpResponseCodec.decode(W3CHttpResponseCodec.java:133)
at org.openqa.selenium.remote.codec.w3c.W3CHttpResponseCodec.decode(W3CHttpResponseCodec.java:52)
at org.openqa.selenium.remote.HttpCommandExecutor.execute(HttpCommandExecutor.java:191)
at io.appium.java_client.remote.AppiumCommandExecutor.execute(AppiumCommandExecutor.java:250)
at org.openqa.selenium.remote.RemoteWebDriver.execute(RemoteWebDriver.java:518)
at org.openqa.selenium.remote.ElementLocation$ElementFinder$2.findElement(ElementLocation.java:165)
at org.openqa.selenium.remote.ElementLocation.findElement(ElementLocation.java:59)
at org.openqa.selenium.remote.RemoteWebDriver.findElement(RemoteWebDriver.java:355)
at org.openqa.selenium.remote.RemoteWebDriver.findElement(RemoteWebDriver.java:349)
at com.worthPoint.testLayer.SearchPreferenceTest.verifyPriceGuideFilterSearchPreferencesOnlyShowItemsWithImagesFunctionality(SearchPreferenceTest.java:166)
at java.base/jdk.internal.reflect.NativeMethodAccessorImpl.invoke0(Native Method)
at java.base/jdk.internal.reflect.NativeMethodAccessorImpl.invoke(NativeMethodAccessorImpl.java:64)
at java.base/jdk.internal.reflect.DelegatingMethodAccessorImpl.invoke(DelegatingMethodAccessorImpl.java:43)
at java.base/java.lang.reflect.Method.invoke(Method.java:564)
at org.testng.internal.MethodInvocationHelper.invokeMethod(MethodInvocationHelper.java:133)
at org.testng.internal.TestInvoker.invokeMethod(TestInvoker.java:598)
at org.testng.internal.TestInvoker.invokeTestMethod(TestInvoker.java:173)
at org.testng.internal.MethodRunner.runInSequence(MethodRunner.java:46)
at org.testng.internal.TestInvoker$MethodInvocationAgent.invoke(TestInvoker.java:824)
at org.testng.internal.TestInvoker.invokeTestMethods(TestInvoker.java:146)
at org.testng.internal.TestMethodWorker.invokeTestMethods(TestMethodWorker.java:146)
at org.testng.internal.TestMethodWorker.run(TestMethodWorker.java:128)
at java.base/java.util.ArrayList.forEach(ArrayList.java:1511)
at org.testng.TestRunner.privateRun(TestRunner.java:794)
at org.testng.TestRunner.run(TestRunner.java:596)
at org.testng.SuiteRunner.runTest(SuiteRunner.java:377)
at org.testng.SuiteRunner.runSequentially(SuiteRunner.java:371)
at org.testng.SuiteRunner.privateRun(SuiteRunner.java:332)
at org.testng.SuiteRunner.run(SuiteRunner.java:276)
at org.testng.SuiteRunnerWorker.runSuite(SuiteRunnerWorker.java:53)
at org.testng.SuiteRunnerWorker.run(SuiteRunnerWorker.java:96)
at org.testng.TestNG.runSuitesSequentially(TestNG.java:1212)
at org.testng.TestNG.runSuitesLocally(TestNG.java:1134)
at org.testng.TestNG.runSuites(TestNG.java:1063)
at org.testng.TestNG.run(TestNG.java:1031)
at org.testng.remote.AbstractRemoteTestNG.run(AbstractRemoteTestNG.java:115)
at org.testng.remote.RemoteTestNG.initAndRun(RemoteTestNG.java:251)
at org.testng.remote.RemoteTestNG.main(RemoteTestNG.java:77)
]]>
            </full-stacktrace>
          </exception> <!-- org.openqa.selenium.NoSuchElementException -->
          <reporter-output>
          </reporter-output>
        </test-method> <!-- verifyPriceGuideFilterSearchPreferencesOnlyShowItemsWithImagesFunctionality -->
        <test-method is-config="true" signature="teardown()[pri:0, instance:com.worthPoint.testLayer.SearchPreferenceTest@272113c4]" started-at="2023-09-20T18:47:45 IST" name="teardown" finished-at="2023-09-20T18:47:45 IST" duration-ms="665" status="PASS">
          <reporter-output>
          </reporter-output>
        </test-method> <!-- teardown -->
      </class> <!-- com.worthPoint.testLayer.SearchPreferenceTest -->
      <class name="com.worthPoint.testLayer.PriceGuidePopularItemsTest">
        <test-method is-config="true" signature="setup()[pri:0, instance:com.worthPoint.testLayer.PriceGuidePopularItemsTest@73e9cf30]" started-at="2023-09-20T18:47:45 IST" name="setup" finished-at="2023-09-20T18:47:53 IST" duration-ms="8034" status="PASS">
          <reporter-output>
          </reporter-output>
        </test-method> <!-- setup -->
        <test-method is-config="true" signature="login()[pri:0, instance:com.worthPoint.testLayer.PriceGuidePopularItemsTest@73e9cf30]" started-at="2023-09-20T18:47:53 IST" name="login" finished-at="2023-09-20T18:48:05 IST" duration-ms="11420" status="PASS">
          <reporter-output>
          </reporter-output>
        </test-method> <!-- login -->
        <test-method signature="verifyPriceGuidePopularItemsDisplayFunctionality()[pri:1, instance:com.worthPoint.testLayer.PriceGuidePopularItemsTest@73e9cf30]" started-at="2023-09-20T18:48:05 IST" name="verifyPriceGuidePopularItemsDisplayFunctionality" finished-at="2023-09-20T18:48:10 IST" duration-ms="4979" status="PASS">
          <reporter-output>
          </reporter-output>
        </test-method> <!-- verifyPriceGuidePopularItemsDisplayFunctionality -->
        <test-method is-config="true" signature="login()[pri:0, instance:com.worthPoint.testLayer.PriceGuidePopularItemsTest@73e9cf30]" started-at="2023-09-20T18:48:10 IST" name="login" finished-at="2023-09-20T18:48:21 IST" duration-ms="11385" status="PASS">
          <reporter-output>
          </reporter-output>
        </test-method> <!-- login -->
        <test-method signature="verifyPriceGuidePopulorModulesFunctionalityListandGridView()[pri:2, instance:com.worthPoint.testLayer.PriceGuidePopularItemsTest@73e9cf30]" started-at="2023-09-20T18:48:21 IST" name="verifyPriceGuidePopulorModulesFunctionalityListandGridView" finished-at="2023-09-20T18:48:28 IST" duration-ms="6533" status="PASS">
          <reporter-output>
          </reporter-output>
        </test-method> <!-- verifyPriceGuidePopulorModulesFunctionalityListandGridView -->
        <test-method is-config="true" signature="login()[pri:0, instance:com.worthPoint.testLayer.PriceGuidePopularItemsTest@73e9cf30]" started-at="2023-09-20T18:48:28 IST" name="login" finished-at="2023-09-20T18:48:39 IST" duration-ms="11155" status="PASS">
          <reporter-output>
          </reporter-output>
        </test-method> <!-- login -->
        <test-method signature="verifyPriceGuidePopulorModulesFunctionalityClickOnProductandSeeDetails()[pri:3, instance:com.worthPoint.testLayer.PriceGuidePopularItemsTest@73e9cf30]" started-at="2023-09-20T18:48:39 IST" name="verifyPriceGuidePopulorModulesFunctionalityClickOnProductandSeeDetails" finished-at="2023-09-20T18:48:58 IST" duration-ms="18992" status="PASS">
          <reporter-output>
          </reporter-output>
        </test-method> <!-- verifyPriceGuidePopulorModulesFunctionalityClickOnProductandSeeDetails -->
        <test-method is-config="true" signature="login()[pri:0, instance:com.worthPoint.testLayer.PriceGuidePopularItemsTest@73e9cf30]" started-at="2023-09-20T18:48:58 IST" name="login" finished-at="2023-09-20T18:49:10 IST" duration-ms="11858" status="PASS">
          <reporter-output>
          </reporter-output>
        </test-method> <!-- login -->
        <test-method signature="verifyPriceGuidePopulorModulesFunctionalityListViewClickOnProductandSeeDetails()[pri:4, instance:com.worthPoint.testLayer.PriceGuidePopularItemsTest@73e9cf30]" started-at="2023-09-20T18:49:10 IST" name="verifyPriceGuidePopulorModulesFunctionalityListViewClickOnProductandSeeDetails" finished-at="2023-09-20T18:49:19 IST" duration-ms="9597" status="PASS">
          <reporter-output>
          </reporter-output>
        </test-method> <!-- verifyPriceGuidePopulorModulesFunctionalityListViewClickOnProductandSeeDetails -->
        <test-method is-config="true" signature="login()[pri:0, instance:com.worthPoint.testLayer.PriceGuidePopularItemsTest@73e9cf30]" started-at="2023-09-20T18:49:19 IST" name="login" finished-at="2023-09-20T18:49:31 IST" duration-ms="11482" status="PASS">
          <reporter-output>
          </reporter-output>
        </test-method> <!-- login -->
        <test-method signature="verifyPriceGuidePopulorModulesFunctionalityProductcLinkShare()[pri:5, instance:com.worthPoint.testLayer.PriceGuidePopularItemsTest@73e9cf30]" started-at="2023-09-20T18:49:31 IST" name="verifyPriceGuidePopulorModulesFunctionalityProductcLinkShare" finished-at="2023-09-20T18:49:45 IST" duration-ms="14311" status="PASS">
          <reporter-output>
          </reporter-output>
        </test-method> <!-- verifyPriceGuidePopulorModulesFunctionalityProductcLinkShare -->
        <test-method is-config="true" signature="login()[pri:0, instance:com.worthPoint.testLayer.PriceGuidePopularItemsTest@73e9cf30]" started-at="2023-09-20T18:49:45 IST" name="login" finished-at="2023-09-20T18:49:58 IST" duration-ms="13417" status="PASS">
          <reporter-output>
          </reporter-output>
        </test-method> <!-- login -->
        <test-method signature="verifyPriceGuidePopulorModulesFunctionalityFavoriteProduct()[pri:6, instance:com.worthPoint.testLayer.PriceGuidePopularItemsTest@73e9cf30]" started-at="2023-09-20T18:49:58 IST" name="verifyPriceGuidePopulorModulesFunctionalityFavoriteProduct" finished-at="2023-09-20T18:50:12 IST" duration-ms="13748" status="PASS">
          <reporter-output>
          </reporter-output>
        </test-method> <!-- verifyPriceGuidePopulorModulesFunctionalityFavoriteProduct -->
        <test-method is-config="true" signature="teardown()[pri:0, instance:com.worthPoint.testLayer.PriceGuidePopularItemsTest@73e9cf30]" started-at="2023-09-20T18:50:12 IST" name="teardown" finished-at="2023-09-20T18:50:13 IST" duration-ms="405" status="PASS">
          <reporter-output>
          </reporter-output>
        </test-method> <!-- teardown -->
      </class> <!-- com.worthPoint.testLayer.PriceGuidePopularItemsTest -->
    </test> <!-- Test -->
  </suite> <!-- Suite -->
</testng-results>
